[04:22:01] [main/INFO] (FabricLoader/GameProvider) Loading Minecraft 1.21.11 with Fabric Loader 0.18.2
[04:22:01] [main/DEBUG] (FabricLoader/GamePatch) Found game constructor: net.minecraft.client.main.Main -> net.minecraft.client.MinecraftClient
[04:22:01] [main/DEBUG] (FabricLoader/GamePatch) Patching game constructor <init>(Lnet/minecraft/client/RunArgs;)V
[04:22:01] [main/DEBUG] (FabricLoader/GamePatch) Run directory field is thought to be net/minecraft/client/MinecraftClient/runDirectory
[04:22:01] [main/DEBUG] (FabricLoader/GamePatch) Applying brand name hook to net/minecraft/client/ClientBrandRetriever::getClientModName
[04:22:01] [main/DEBUG] (FabricLoader/GamePatch) Applying brand name hook to net/minecraft/server/MinecraftServer::getServerModName
[04:22:01] [main/DEBUG] (FabricLoader/GamePatch) Patched 3 classs
[04:22:01] [main/DEBUG] (FabricLoader/Discovery) Mod discovery time: 26,5 ms
[04:22:02] [main/DEBUG] (FabricLoader/Resolution) Mod resolution time: 44,5 ms
[04:22:02] [main/INFO] (FabricLoader) Loading 8 mods:
	- fabric-api-base 1.0.5+4ebb5c083e
	- fabric-resource-loader-v0 3.3.4+4fc5413f3e
	- fabric-resource-loader-v1 1.0.10+78c8b4663e
	- fabricloader 0.18.2
	- java 23
	- mineciska 0.3.4
	- minecraft 1.21.11
	- mixinextras 0.5.0
[04:22:02] [main/DEBUG] (FabricLoader/Knot) Adding C:\Users\Administrator\Documents\asteroid\.gradle\loom-cache\remapped_mods\remapped\net\fabricmc\fabric-api\fabric-resource-loader-v0-4c864f1d\3.3.4+4fc5413f3e\fabric-resource-loader-v0-4c864f1d-3.3.4+4fc5413f3e.jar to classpath.
[04:22:02] [main/DEBUG] (FabricLoader/Knot) Adding C:\Users\Administrator\Documents\asteroid\.gradle\loom-cache\remapped_mods\remapped\net\fabricmc\fabric-api\fabric-resource-loader-v1-4c864f1d\1.0.10+78c8b4663e\fabric-resource-loader-v1-4c864f1d-1.0.10+78c8b4663e.jar to classpath.
[04:22:02] [main/DEBUG] (FabricLoader/Knot) Adding C:\Users\Administrator\.gradle\caches\modules-2\files-2.1\io.github.llamalad7\mixinextras-fabric\0.5.0\91a83dfb7abd320f6236bd1fcf5c0ff143d59a13\mixinextras-fabric-0.5.0.jar to classpath.
[04:22:02] [main/DEBUG] (FabricLoader/Knot) Adding C:\Users\Administrator\Documents\asteroid\build\resources\main to classpath.
[04:22:02] [main/DEBUG] (FabricLoader/Knot) Adding C:\Users\Administrator\Documents\asteroid\.gradle\loom-cache\remapped_mods\remapped\net\fabricmc\fabric-api\fabric-api-base-4c864f1d\1.0.5+4ebb5c083e\fabric-api-base-4c864f1d-1.0.5+4ebb5c083e.jar to classpath.
[04:22:02] [main/DEBUG] (FabricLoader/Entrypoint) Registering new-style initializer meteordevelopment.meteorclient.ModMenuIntegration for mod mineciska (key modmenu)
[04:22:02] [main/DEBUG] (FabricLoader/Entrypoint) Registering new-style initializer meteordevelopment.meteorclient.MeteorClient for mod mineciska (key client)
[04:22:02] [main/INFO] (FabricLoader/Mixin) SpongePowered MIXIN Subsystem Version=0.8.7 Source=file:/C:/Users/Administrator/.gradle/caches/modules-2/files-2.1/net.fabricmc/sponge-mixin/0.16.5+mixin.0.8.7/80fc3a9f592673cea87f4cd702f87991c6c9fe4d/sponge-mixin-0.16.5+mixin.0.8.7.jar Service=Knot/Fabric Env=CLIENT
[04:22:02] [main/DEBUG] (FabricLoader/Mixin) Initialising Mixin Platform Manager
[04:22:02] [main/DEBUG] (FabricLoader/Mixin) Adding mixin platform agents for container ContainerHandleURI(file:///C:/Users/Administrator/.gradle/caches/modules-2/files-2.1/net.fabricmc/fabric-loader/0.18.2/1cd44667bd93b74564056eb4867dfd12e38cb262/fabric-loader-0.18.2.jar)
[04:22:02] [main/DEBUG] (FabricLoader/Mixin) Instancing new MixinPlatformAgentDefault for ContainerHandleURI(file:///C:/Users/Administrator/.gradle/caches/modules-2/files-2.1/net.fabricmc/fabric-loader/0.18.2/1cd44667bd93b74564056eb4867dfd12e38cb262/fabric-loader-0.18.2.jar)
[04:22:02] [main/DEBUG] (FabricLoader/Mixin) MixinPlatformAgentDefault accepted container ContainerHandleURI(file:///C:/Users/Administrator/.gradle/caches/modules-2/files-2.1/net.fabricmc/fabric-loader/0.18.2/1cd44667bd93b74564056eb4867dfd12e38cb262/fabric-loader-0.18.2.jar)
[04:22:02] [main/DEBUG] (FabricLoader/Mixin) Instancing new MixinPlatformAgentDefault for ContainerHandleURI(file:///C:/Users/Administrator/.gradle/caches/modules-2/files-2.1/net.fabricmc/fabric-loader/0.18.2/1cd44667bd93b74564056eb4867dfd12e38cb262/fabric-loader-0.18.2.jar)
[04:22:02] [main/DEBUG] (FabricLoader/Mixin) MixinPlatformAgentDefault accepted container ContainerHandleURI(file:///C:/Users/Administrator/.gradle/caches/modules-2/files-2.1/net.fabricmc/fabric-loader/0.18.2/1cd44667bd93b74564056eb4867dfd12e38cb262/fabric-loader-0.18.2.jar)
[04:22:02] [main/DEBUG] (FabricLoader/Mixin) Processing prepare() for PlatformAgent[MixinPlatformAgentDefault:ContainerHandleURI(file:///C:/Users/Administrator/.gradle/caches/modules-2/files-2.1/net.fabricmc/fabric-loader/0.18.2/1cd44667bd93b74564056eb4867dfd12e38cb262/fabric-loader-0.18.2.jar)]
[04:22:02] [main/DEBUG] (FabricLoader/Mixin) Processing prepare() for PlatformAgent[MixinPlatformAgentDefault:ContainerHandleURI(file:///C:/Users/Administrator/.gradle/caches/modules-2/files-2.1/net.fabricmc/fabric-loader/0.18.2/1cd44667bd93b74564056eb4867dfd12e38cb262/fabric-loader-0.18.2.jar)]
[04:22:02] [main/INFO] (FabricLoader/Mixin) Loaded Fabric development mappings for mixin remapper!
[04:22:02] [main/DEBUG] (FabricLoader/Mixin) Compatibility level JAVA_21 specified by fabric-resource-loader-v1.mixins.json is higher than the maximum level supported by this version of mixin (JAVA_13).
[04:22:02] [main/INFO] (FabricLoader/Mixin) Compatibility level set to JAVA_21
[04:22:02] [main/DEBUG] (FabricLoader/Mixin) Mixin config fabric-resource-loader-v1.mixins.json does not specify "minVersion" or "requiredFeatures" property
[04:22:02] [main/DEBUG] (FabricLoader/Mixin) Mixin config fabric-resource-loader-v1.client.mixins.json does not specify "minVersion" or "requiredFeatures" property
[04:22:02] [main/DEBUG] (FabricLoader/Mixin) Mixin config meteor-client.mixins.json does not specify "minVersion" or "requiredFeatures" property
[04:22:02] [main/DEBUG] (FabricLoader/Mixin) Mixin config meteor-client-indigo.mixins.json does not specify "minVersion" or "requiredFeatures" property
[04:22:02] [main/DEBUG] (FabricLoader/Mixin) Mixin config meteor-client-sodium.mixins.json does not specify "minVersion" or "requiredFeatures" property
[04:22:02] [main/DEBUG] (FabricLoader/Mixin) Mixin config meteor-client-lithium.mixins.json does not specify "minVersion" or "requiredFeatures" property
[04:22:02] [main/DEBUG] (FabricLoader/Mixin) Mixin config meteor-client-viafabricplus.mixins.json does not specify "minVersion" or "requiredFeatures" property
[04:22:02] [main/DEBUG] (FabricLoader/Knot) Adding C:\Users\Administrator\Documents\asteroid\.gradle\loom-cache\minecraftMaven\net\minecraft\minecraft-merged-fbfe15c23d\1.21.11-net.fabricmc.yarn.1_21_11.1.21.11+build.3-v2\minecraft-merged-fbfe15c23d-1.21.11-net.fabricmc.yarn.1_21_11.1.21.11+build.3-v2.jar to classpath.
[04:22:02] [main/DEBUG] (FabricLoader/Knot) Adding C:\Users\Administrator\Documents\asteroid\build\classes\java\main to classpath.
[04:22:02] [main/DEBUG] (FabricLoader/Knot) Adding C:\Users\Administrator\Documents\asteroid\build\resources\main to classpath.
[04:22:02] [main/DEBUG] (FabricLoader/Knot) Adding C:\Users\Administrator\.gradle\caches\fabric-loom\1.21.11\net.fabricmc.yarn.1_21_11.1.21.11+build.3-v2\mappings.jar to classpath.
[04:22:02] [main/DEBUG] (FabricLoader/Knot) Adding C:\Users\Administrator\.gradle\caches\modules-2\files-2.1\meteordevelopment\orbit\0.2.4\3a5ba3b5d3d5a43eda3b145bbe81cd5607f86422\orbit-0.2.4.jar to classpath.
[04:22:02] [main/DEBUG] (FabricLoader/Knot) Adding C:\Users\Administrator\.gradle\caches\modules-2\files-2.1\org.meteordev\starscript\0.2.5\b608fa2a9ecdfc69c7cb411ac3d7b0cd2730fda\starscript-0.2.5.jar to classpath.
[04:22:02] [main/DEBUG] (FabricLoader/Knot) Adding C:\Users\Administrator\.gradle\caches\modules-2\files-2.1\meteordevelopment\discord-ipc\1.1\cb36df2976623c8aa350c77d70ba0ddf55fe764f\discord-ipc-1.1.jar to classpath.
[04:22:02] [main/DEBUG] (FabricLoader/Knot) Adding C:\Users\Administrator\.gradle\caches\modules-2\files-2.1\org.reflections\reflections\0.10.2\b638d7ca0e0fe0146b60a0e7ba232ad852a73b31\reflections-0.10.2.jar to classpath.
[04:22:02] [main/DEBUG] (FabricLoader/Knot) Adding C:\Users\Administrator\.gradle\caches\modules-2\files-2.1\org.javassist\javassist\3.28.0-GA\9a958811a88381bb159cc2f5ed79c34a45c4af7a\javassist-3.28.0-GA.jar to classpath.
[04:22:02] [main/DEBUG] (FabricLoader/Knot) Adding C:\Users\Administrator\.gradle\caches\modules-2\files-2.1\io.netty\netty-handler-proxy\4.2.7.Final\a1b6d07504fe98163f49d34c9a5efb22d8e84212\netty-handler-proxy-4.2.7.Final.jar to classpath.
[04:22:02] [main/DEBUG] (FabricLoader/Knot) Adding C:\Users\Administrator\.gradle\caches\modules-2\files-2.1\io.netty\netty-codec-socks\4.2.7.Final\9f26324e436e8884bb4aa801a6e9151c0b50a754\netty-codec-socks-4.2.7.Final.jar to classpath.
[04:22:02] [main/DEBUG] (FabricLoader/Knot) Adding C:\Users\Administrator\.gradle\caches\modules-2\files-2.1\de.florianmichael\WaybackAuthLib\1.0.1\37e3517188c78e0459a9923f1249d88476119238\WaybackAuthLib-1.0.1.jar to classpath.
[04:22:02] [main/DEBUG] (FabricLoader/Knot) Adding C:\Users\Administrator\.gradle\caches\modules-2\files-2.1\io.github.llamalad7\mixinextras-fabric\0.5.0\91a83dfb7abd320f6236bd1fcf5c0ff143d59a13\mixinextras-fabric-0.5.0.jar to classpath.
[04:22:02] [main/DEBUG] (FabricLoader/Knot) Adding C:\Users\Administrator\.gradle\caches\modules-2\files-2.1\net.fabricmc\dev-launch-injector\0.2.1+build.8\da8bef7e6e2f952da707f282bdb46882a0fce5e3\dev-launch-injector-0.2.1+build.8.jar to classpath.
[04:22:02] [main/DEBUG] (FabricLoader/Knot) Adding C:\Users\Administrator\.gradle\caches\modules-2\files-2.1\at.yawk.lz4\lz4-java\1.8.1\1f30a180ee04ccd53339a716aec13cae60a013b5\lz4-java-1.8.1.jar to classpath.
[04:22:02] [main/DEBUG] (FabricLoader/Knot) Adding C:\Users\Administrator\.gradle\caches\modules-2\files-2.1\com.azure\azure-json\1.4.0\fcc1d354dbc3e0300e5276b1bf124d0247799cd8\azure-json-1.4.0.jar to classpath.
[04:22:02] [main/DEBUG] (FabricLoader/Knot) Adding C:\Users\Administrator\.gradle\caches\modules-2\files-2.1\com.github.oshi\oshi-core\6.9.0\3224870731860cfcd7744581a05b559e94291e7\oshi-core-6.9.0.jar to classpath.
[04:22:02] [main/DEBUG] (FabricLoader/Knot) Adding C:\Users\Administrator\.gradle\caches\modules-2\files-2.1\com.google.guava\failureaccess\1.0.3\aeaffd00d57023a2c947393ed251f0354f0985fc\failureaccess-1.0.3.jar to classpath.
[04:22:02] [main/DEBUG] (FabricLoader/Knot) Adding C:\Users\Administrator\.gradle\caches\modules-2\files-2.1\com.google.guava\guava\33.5.0-jre\8699de25f2f979108d6c1b804a7ba38cda1116bc\guava-33.5.0-jre.jar to classpath.
[04:22:02] [main/DEBUG] (FabricLoader/Knot) Adding C:\Users\Administrator\.gradle\caches\modules-2\files-2.1\com.ibm.icu\icu4j\77.1\38693cf0b1d7362a8b726af74dc06026a7c23809\icu4j-77.1.jar to classpath.
[04:22:02] [main/DEBUG] (FabricLoader/Knot) Adding C:\Users\Administrator\.gradle\caches\modules-2\files-2.1\com.microsoft.azure\msal4j\1.23.1\6c722b514873b24a4e1ce9c22dca36ea3c22bdbe\msal4j-1.23.1.jar to classpath.
[04:22:02] [main/DEBUG] (FabricLoader/Knot) Adding C:\Users\Administrator\.gradle\caches\modules-2\files-2.1\com.mojang\blocklist\1.0.10\5c685c5ffa94c4cd39496c7184c1d122e515ecef\blocklist-1.0.10.jar to classpath.
[04:22:02] [main/DEBUG] (FabricLoader/Knot) Adding C:\Users\Administrator\.gradle\caches\modules-2\files-2.1\com.mojang\brigadier\1.3.10\d15b53a14cf20fdcaa98f731af5dda654452c010\brigadier-1.3.10.jar to classpath.
[04:22:02] [main/DEBUG] (FabricLoader/Knot) Adding C:\Users\Administrator\.gradle\caches\modules-2\files-2.1\com.mojang\datafixerupper\9.0.19\4e91f9712fa1e83231d1501625381b0210a977da\datafixerupper-9.0.19.jar to classpath.
[04:22:02] [main/DEBUG] (FabricLoader/Knot) Adding C:\Users\Administrator\.gradle\caches\modules-2\files-2.1\com.mojang\jtracy\1.0.37\a3fb649b2e2b2288d2978f0b0bc3d83f62809d1e\jtracy-1.0.37.jar to classpath.
[04:22:02] [main/DEBUG] (FabricLoader/Knot) Adding C:\Users\Administrator\.gradle\caches\modules-2\files-2.1\com.mojang\jtracy\1.0.37\6ff6d710fd4ffd470f2799653fab57e27fed0c9d\jtracy-1.0.37-natives-windows.jar to classpath.
[04:22:02] [main/DEBUG] (FabricLoader/Knot) Adding C:\Users\Administrator\.gradle\caches\modules-2\files-2.1\com.mojang\patchy\2.2.10\da05971b07cbb379d002cf7eaec6a2048211fefc\patchy-2.2.10.jar to classpath.
[04:22:02] [main/DEBUG] (FabricLoader/Knot) Adding C:\Users\Administrator\.gradle\caches\modules-2\files-2.1\com.mojang\text2speech\1.18.11\e853a12cdd6ba4f4836e8f4bf3b37844a13482b6\text2speech-1.18.11.jar to classpath.
[04:22:02] [main/DEBUG] (FabricLoader/Knot) Adding C:\Users\Administrator\.gradle\caches\modules-2\files-2.1\commons-codec\commons-codec\1.19.0\8c0dbe3ae883fceda9b50a6c76e745e548073388\commons-codec-1.19.0.jar to classpath.
[04:22:02] [main/DEBUG] (FabricLoader/Knot) Adding C:\Users\Administrator\.gradle\caches\modules-2\files-2.1\commons-io\commons-io\2.20.0\36f3474daec2849c149e877614e7f979b2082cd2\commons-io-2.20.0.jar to classpath.
[04:22:02] [main/DEBUG] (FabricLoader/Knot) Adding C:\Users\Administrator\.gradle\caches\modules-2\files-2.1\io.netty\netty-buffer\4.2.7.Final\5555ff561643bf2f8430fb57c24403c0efe15994\netty-buffer-4.2.7.Final.jar to classpath.
[04:22:02] [main/DEBUG] (FabricLoader/Knot) Adding C:\Users\Administrator\.gradle\caches\modules-2\files-2.1\io.netty\netty-codec-base\4.2.7.Final\915e381ebabcf115f1c7ff7032d55c48afb50210\netty-codec-base-4.2.7.Final.jar to classpath.
[04:22:02] [main/DEBUG] (FabricLoader/Knot) Adding C:\Users\Administrator\.gradle\caches\modules-2\files-2.1\io.netty\netty-codec-compression\4.2.7.Final\572341bc1ca90fd9d6e47f1d2694aab5258566e9\netty-codec-compression-4.2.7.Final.jar to classpath.
[04:22:02] [main/DEBUG] (FabricLoader/Knot) Adding C:\Users\Administrator\.gradle\caches\modules-2\files-2.1\io.netty\netty-codec-http\4.2.7.Final\b734c108854099c421fd94d92d9f865e4d4da853\netty-codec-http-4.2.7.Final.jar to classpath.
[04:22:02] [main/DEBUG] (FabricLoader/Knot) Adding C:\Users\Administrator\.gradle\caches\modules-2\files-2.1\io.netty\netty-common\4.2.7.Final\11aa30df26af4fca3239ac1917f303a280f301e1\netty-common-4.2.7.Final.jar to classpath.
[04:22:02] [main/DEBUG] (FabricLoader/Knot) Adding C:\Users\Administrator\.gradle\caches\modules-2\files-2.1\io.netty\netty-handler\4.2.7.Final\7ad8a1f851e2e6fe93cdd091871fda2b81c03b5b\netty-handler-4.2.7.Final.jar to classpath.
[04:22:02] [main/DEBUG] (FabricLoader/Knot) Adding C:\Users\Administrator\.gradle\caches\modules-2\files-2.1\io.netty\netty-resolver\4.2.7.Final\5f3e5ef8de03992cd4fb46960dc0085ec1a12a12\netty-resolver-4.2.7.Final.jar to classpath.
[04:22:02] [main/DEBUG] (FabricLoader/Knot) Adding C:\Users\Administrator\.gradle\caches\modules-2\files-2.1\io.netty\netty-transport-classes-epoll\4.2.7.Final\1075c09f48a78eef9d819fbfd9096b903fdd362a\netty-transport-classes-epoll-4.2.7.Final.jar to classpath.
[04:22:02] [main/DEBUG] (FabricLoader/Knot) Adding C:\Users\Administrator\.gradle\caches\modules-2\files-2.1\io.netty\netty-transport-classes-kqueue\4.2.7.Final\bdec7c23c75caabd848426d073c09568e8d5f94e\netty-transport-classes-kqueue-4.2.7.Final.jar to classpath.
[04:22:02] [main/DEBUG] (FabricLoader/Knot) Adding C:\Users\Administrator\.gradle\caches\modules-2\files-2.1\io.netty\netty-transport-native-unix-common\4.2.7.Final\89953f04259ea7502cffb313630dd51e00e60669\netty-transport-native-unix-common-4.2.7.Final.jar to classpath.
[04:22:02] [main/DEBUG] (FabricLoader/Knot) Adding C:\Users\Administrator\.gradle\caches\modules-2\files-2.1\io.netty\netty-transport\4.2.7.Final\83ea548981d0d8c4a98027cc1a6f9624f902e142\netty-transport-4.2.7.Final.jar to classpath.
[04:22:02] [main/DEBUG] (FabricLoader/Knot) Adding C:\Users\Administrator\.gradle\caches\modules-2\files-2.1\it.unimi.dsi\fastutil\8.5.18\a6cff377eecc19c2037bf31568a6d7106b50ba1f\fastutil-8.5.18.jar to classpath.
[04:22:02] [main/DEBUG] (FabricLoader/Knot) Adding C:\Users\Administrator\.gradle\caches\modules-2\files-2.1\net.java.dev.jna\jna-platform\5.17.0\a4934c44d25a9d8c2ddf4203affd20330cb3426f\jna-platform-5.17.0.jar to classpath.
[04:22:02] [main/DEBUG] (FabricLoader/Knot) Adding C:\Users\Administrator\.gradle\caches\modules-2\files-2.1\net.java.dev.jna\jna\5.17.0\33d12735bef894440780fce64f9758d420c7bae2\jna-5.17.0.jar to classpath.
[04:22:02] [main/DEBUG] (FabricLoader/Knot) Adding C:\Users\Administrator\.gradle\caches\modules-2\files-2.1\net.sf.jopt-simple\jopt-simple\5.0.4\4fdac2fbe92dfad86aa6e9301736f6b4342a3f5c\jopt-simple-5.0.4.jar to classpath.
[04:22:02] [main/DEBUG] (FabricLoader/Knot) Adding C:\Users\Administrator\.gradle\caches\modules-2\files-2.1\org.apache.commons\commons-compress\1.28.0\e482f2c7a88dac3c497e96aa420b6a769f59c8d7\commons-compress-1.28.0.jar to classpath.
[04:22:02] [main/DEBUG] (FabricLoader/Knot) Adding C:\Users\Administrator\.gradle\caches\modules-2\files-2.1\org.apache.commons\commons-lang3\3.19.0\d6524b169a6574cd253760c472d419b47bfd37e6\commons-lang3-3.19.0.jar to classpath.
[04:22:02] [main/DEBUG] (FabricLoader/Knot) Adding C:\Users\Administrator\.gradle\caches\modules-2\files-2.1\org.jcraft\jorbis\0.0.17\8872d22b293e8f5d7d56ff92be966e6dc28ebdc6\jorbis-0.0.17.jar to classpath.
[04:22:02] [main/DEBUG] (FabricLoader/Knot) Adding C:\Users\Administrator\.gradle\caches\modules-2\files-2.1\org.joml\joml\1.10.8\fc0a71dad90a2cf41d82a76156a0e700af8e4f8d\joml-1.10.8.jar to classpath.
[04:22:02] [main/DEBUG] (FabricLoader/Knot) Adding C:\Users\Administrator\.gradle\caches\modules-2\files-2.1\org.jspecify\jspecify\1.0.0\7425a601c1c7ec76645a78d22b8c6a627edee507\jspecify-1.0.0.jar to classpath.
[04:22:02] [main/DEBUG] (FabricLoader/Knot) Adding C:\Users\Administrator\.gradle\caches\modules-2\files-2.1\org.lwjgl\lwjgl-freetype\3.3.3\a0db6c84a8becc8ca05f9dbfa985edc348a824c7\lwjgl-freetype-3.3.3.jar to classpath.
[04:22:02] [main/DEBUG] (FabricLoader/Knot) Adding C:\Users\Administrator\.gradle\caches\modules-2\files-2.1\org.lwjgl\lwjgl-freetype\3.3.3\81091b006dbb43fab04c8c638e9ac87c51b4096d\lwjgl-freetype-3.3.3-natives-windows.jar to classpath.
[04:22:02] [main/DEBUG] (FabricLoader/Knot) Adding C:\Users\Administrator\.gradle\caches\modules-2\files-2.1\org.lwjgl\lwjgl-freetype\3.3.3\82028265a0a2ff33523ca75137ada7dc176e5210\lwjgl-freetype-3.3.3-natives-windows-arm64.jar to classpath.
[04:22:02] [main/DEBUG] (FabricLoader/Knot) Adding C:\Users\Administrator\.gradle\caches\modules-2\files-2.1\org.lwjgl\lwjgl-freetype\3.3.3\15a8c1de7f51d07a92eae7ce1222557073a0c0c3\lwjgl-freetype-3.3.3-natives-windows-x86.jar to classpath.
[04:22:02] [main/DEBUG] (FabricLoader/Knot) Adding C:\Users\Administrator\.gradle\caches\modules-2\files-2.1\org.lwjgl\lwjgl-glfw\3.3.3\efa1eb78c5ccd840e9f329717109b5e892d72f8e\lwjgl-glfw-3.3.3.jar to classpath.
[04:22:02] [main/DEBUG] (FabricLoader/Knot) Adding C:\Users\Administrator\.gradle\caches\modules-2\files-2.1\org.lwjgl\lwjgl-glfw\3.3.3\e449e28b4891fc423c54c85fbc5bb0b9efece67a\lwjgl-glfw-3.3.3-natives-windows.jar to classpath.
[04:22:02] [main/DEBUG] (FabricLoader/Knot) Adding C:\Users\Administrator\.gradle\caches\modules-2\files-2.1\org.lwjgl\lwjgl-glfw\3.3.3\f27018dc74f6289574502b46cce55d52817554e2\lwjgl-glfw-3.3.3-natives-windows-arm64.jar to classpath.
[04:22:02] [main/DEBUG] (FabricLoader/Knot) Adding C:\Users\Administrator\.gradle\caches\modules-2\files-2.1\org.lwjgl\lwjgl-glfw\3.3.3\32334f3fd5270a59bad9939a93115acb6de36dcf\lwjgl-glfw-3.3.3-natives-windows-x86.jar to classpath.
[04:22:02] [main/DEBUG] (FabricLoader/Knot) Adding C:\Users\Administrator\.gradle\caches\modules-2\files-2.1\org.lwjgl\lwjgl-jemalloc\3.3.3\b543467b7ff3c6920539a88ee602d34098628be5\lwjgl-jemalloc-3.3.3.jar to classpath.
[04:22:02] [main/DEBUG] (FabricLoader/Knot) Adding C:\Users\Administrator\.gradle\caches\modules-2\files-2.1\org.lwjgl\lwjgl-jemalloc\3.3.3\426222fc027602a5f21b9c0fe79cde6a4c7a011f\lwjgl-jemalloc-3.3.3-natives-windows.jar to classpath.
[04:22:02] [main/DEBUG] (FabricLoader/Knot) Adding C:\Users\Administrator\.gradle\caches\modules-2\files-2.1\org.lwjgl\lwjgl-jemalloc\3.3.3\ba1f3fed0ee4be0217eaa41c5bbfb4b9b1383c33\lwjgl-jemalloc-3.3.3-natives-windows-arm64.jar to classpath.
[04:22:02] [main/DEBUG] (FabricLoader/Knot) Adding C:\Users\Administrator\.gradle\caches\modules-2\files-2.1\org.lwjgl\lwjgl-jemalloc\3.3.3\f6063b6e0f23be483c5c88d84ce51b39dc69126c\lwjgl-jemalloc-3.3.3-natives-windows-x86.jar to classpath.
[04:22:02] [main/DEBUG] (FabricLoader/Knot) Adding C:\Users\Administrator\.gradle\caches\modules-2\files-2.1\org.lwjgl\lwjgl-openal\3.3.3\daada81ceb5fc0c291fbfdd4433cb8d9423577f2\lwjgl-openal-3.3.3.jar to classpath.
[04:22:02] [main/DEBUG] (FabricLoader/Knot) Adding C:\Users\Administrator\.gradle\caches\modules-2\files-2.1\org.lwjgl\lwjgl-openal\3.3.3\cf83862ae95d98496b26915024c7e666d8ab1c8f\lwjgl-openal-3.3.3-natives-windows.jar to classpath.
[04:22:02] [main/DEBUG] (FabricLoader/Knot) Adding C:\Users\Administrator\.gradle\caches\modules-2\files-2.1\org.lwjgl\lwjgl-openal\3.3.3\8e0615235116b9e4160dfe87bec90f5f6378bf72\lwjgl-openal-3.3.3-natives-windows-arm64.jar to classpath.
[04:22:02] [main/DEBUG] (FabricLoader/Knot) Adding C:\Users\Administrator\.gradle\caches\modules-2\files-2.1\org.lwjgl\lwjgl-openal\3.3.3\87b8d5050e3adb46bb58fe1cb2669a4a48fce10d\lwjgl-openal-3.3.3-natives-windows-x86.jar to classpath.
[04:22:02] [main/DEBUG] (FabricLoader/Knot) Adding C:\Users\Administrator\.gradle\caches\modules-2\files-2.1\org.lwjgl\lwjgl-opengl\3.3.3\2f6b0147078396a58979125a4c947664e98293a\lwjgl-opengl-3.3.3.jar to classpath.
[04:22:02] [main/DEBUG] (FabricLoader/Knot) Adding C:\Users\Administrator\.gradle\caches\modules-2\files-2.1\org.lwjgl\lwjgl-opengl\3.3.3\e6c1eec8be8a71951b830a4d69efc01c6531900c\lwjgl-opengl-3.3.3-natives-windows.jar to classpath.
[04:22:02] [main/DEBUG] (FabricLoader/Knot) Adding C:\Users\Administrator\.gradle\caches\modules-2\files-2.1\org.lwjgl\lwjgl-opengl\3.3.3\65e956d3735a1abdc82eff4baec1b61174697d4b\lwjgl-opengl-3.3.3-natives-windows-arm64.jar to classpath.
[04:22:02] [main/DEBUG] (FabricLoader/Knot) Adding C:\Users\Administrator\.gradle\caches\modules-2\files-2.1\org.lwjgl\lwjgl-opengl\3.3.3\d32d833dcaa2f355a886eaf21f0408b5f03241d\lwjgl-opengl-3.3.3-natives-windows-x86.jar to classpath.
[04:22:02] [main/DEBUG] (FabricLoader/Knot) Adding C:\Users\Administrator\.gradle\caches\modules-2\files-2.1\org.lwjgl\lwjgl-stb\3.3.3\25dd6161988d7e65f71d5065c99902402ee32746\lwjgl-stb-3.3.3.jar to classpath.
[04:22:02] [main/DEBUG] (FabricLoader/Knot) Adding C:\Users\Administrator\.gradle\caches\modules-2\files-2.1\org.lwjgl\lwjgl-stb\3.3.3\1d9facdf6541de114b0f963be33505b7679c78cb\lwjgl-stb-3.3.3-natives-windows.jar to classpath.
[04:22:02] [main/DEBUG] (FabricLoader/Knot) Adding C:\Users\Administrator\.gradle\caches\modules-2\files-2.1\org.lwjgl\lwjgl-stb\3.3.3\a584ab44de569708871f0a79561f4d8c37487f2c\lwjgl-stb-3.3.3-natives-windows-arm64.jar to classpath.
[04:22:02] [main/DEBUG] (FabricLoader/Knot) Adding C:\Users\Administrator\.gradle\caches\modules-2\files-2.1\org.lwjgl\lwjgl-stb\3.3.3\b5c874687b9aac1a936501d4ed2c49567fd1b575\lwjgl-stb-3.3.3-natives-windows-x86.jar to classpath.
[04:22:02] [main/DEBUG] (FabricLoader/Knot) Adding C:\Users\Administrator\.gradle\caches\modules-2\files-2.1\org.lwjgl\lwjgl-tinyfd\3.3.3\82d755ca94b102e9ca77283b9e2dc46d1b15fbe5\lwjgl-tinyfd-3.3.3.jar to classpath.
[04:22:02] [main/DEBUG] (FabricLoader/Knot) Adding C:\Users\Administrator\.gradle\caches\modules-2\files-2.1\org.lwjgl\lwjgl-tinyfd\3.3.3\a6697981b0449a5087c1d546fc08b4f73e8f98c9\lwjgl-tinyfd-3.3.3-natives-windows.jar to classpath.
[04:22:02] [main/DEBUG] (FabricLoader/Knot) Adding C:\Users\Administrator\.gradle\caches\modules-2\files-2.1\org.lwjgl\lwjgl-tinyfd\3.3.3\a88c494f3006eb91a7433b12a3a55a9a6c20788b\lwjgl-tinyfd-3.3.3-natives-windows-arm64.jar to classpath.
[04:22:02] [main/DEBUG] (FabricLoader/Knot) Adding C:\Users\Administrator\.gradle\caches\modules-2\files-2.1\org.lwjgl\lwjgl-tinyfd\3.3.3\c336c84ee88cccb495c6ffa112395509e7378e8a\lwjgl-tinyfd-3.3.3-natives-windows-x86.jar to classpath.
[04:22:02] [main/DEBUG] (FabricLoader/Knot) Adding C:\Users\Administrator\.gradle\caches\modules-2\files-2.1\org.lwjgl\lwjgl\3.3.3\29589b5f87ed335a6c7e7ee6a5775f81f97ecb84\lwjgl-3.3.3.jar to classpath.
[04:22:02] [main/DEBUG] (FabricLoader/Knot) Adding C:\Users\Administrator\.gradle\caches\modules-2\files-2.1\org.lwjgl\lwjgl\3.3.3\a5ed18a2b82fc91b81f40d717cb1f64c9dcb0540\lwjgl-3.3.3-natives-windows.jar to classpath.
[04:22:02] [main/DEBUG] (FabricLoader/Knot) Adding C:\Users\Administrator\.gradle\caches\modules-2\files-2.1\org.lwjgl\lwjgl\3.3.3\e9aca8c5479b520a2a7f0d542a118140e812c5e8\lwjgl-3.3.3-natives-windows-arm64.jar to classpath.
[04:22:02] [main/DEBUG] (FabricLoader/Knot) Adding C:\Users\Administrator\.gradle\caches\modules-2\files-2.1\org.lwjgl\lwjgl\3.3.3\9e670718e050aeaeea0c2d5b907cffb142f2e58f\lwjgl-3.3.3-natives-windows-x86.jar to classpath.
[04:22:02] [main/DEBUG] (FabricLoader/Knot) Adding C:\Users\Administrator\.gradle\caches\modules-2\files-2.1\io.netty\netty-transport-native-epoll\4.2.7.Final\e83998bfc10b5289d9bcbe807c4079ef0eed8e6f\netty-transport-native-epoll-4.2.7.Final-linux-x86_64.jar to classpath.
[04:22:02] [main/DEBUG] (FabricLoader/Knot) Adding C:\Users\Administrator\.gradle\caches\modules-2\files-2.1\io.netty\netty-transport-native-epoll\4.2.7.Final\98d02251c98c8f07a23ac5ea27657d9e0ef57614\netty-transport-native-epoll-4.2.7.Final-linux-aarch_64.jar to classpath.
[04:22:02] [main/DEBUG] (FabricLoader/Knot) Adding C:\Users\Administrator\.gradle\caches\modules-2\files-2.1\io.netty\netty-transport-native-kqueue\4.2.7.Final\40868fd4e43bce2798245f790624b58803dc26b6\netty-transport-native-kqueue-4.2.7.Final-osx-x86_64.jar to classpath.
[04:22:02] [main/DEBUG] (FabricLoader/Knot) Adding C:\Users\Administrator\.gradle\caches\modules-2\files-2.1\io.netty\netty-transport-native-kqueue\4.2.7.Final\e5a0feef41410c8a5ae00c6cb4e0c99bd0aded6a\netty-transport-native-kqueue-4.2.7.Final-osx-aarch_64.jar to classpath.
[04:22:02] [main/DEBUG] (FabricLoader/Knot) Adding C:\Users\Administrator\Documents\asteroid\.gradle\loom-cache\remapped_mods\remapped\net\fabricmc\fabric-api\fabric-resource-loader-v0-4c864f1d\3.3.4+4fc5413f3e\fabric-resource-loader-v0-4c864f1d-3.3.4+4fc5413f3e.jar to classpath.
[04:22:02] [main/DEBUG] (FabricLoader/Knot) Adding C:\Users\Administrator\Documents\asteroid\.gradle\loom-cache\remapped_mods\remapped\net\fabricmc\fabric-api\fabric-resource-loader-v1-4c864f1d\1.0.10+78c8b4663e\fabric-resource-loader-v1-4c864f1d-1.0.10+78c8b4663e.jar to classpath.
[04:22:02] [main/DEBUG] (FabricLoader/Knot) Adding C:\Users\Administrator\Documents\asteroid\.gradle\loom-cache\remapped_mods\remapped\net\fabricmc\fabric-api\fabric-api-base-4c864f1d\1.0.5+4ebb5c083e\fabric-api-base-4c864f1d-1.0.5+4ebb5c083e.jar to classpath.
[04:22:02] [main/DEBUG] (FabricLoader/Knot) Adding C:\Users\Administrator\.gradle\caches\modules-2\files-2.1\com.google.code.findbugs\jsr305\3.0.2\25ea2e8b0c338a877313bd4672d3fe056ea78f0d\jsr305-3.0.2.jar to classpath.
[04:22:02] [main/DEBUG] (FabricLoader/Entrypoint) No subscribers for entrypoint 'preLaunch'
[04:22:02] [main/DEBUG] (FabricLoader/Mixin) Preparing mixins for MixinEnvironment[DEFAULT]
[04:22:02] [main/DEBUG] (FabricLoader/Mixin) Selecting config fabric-resource-loader-v1.mixins.json
[04:22:02] [main/DEBUG] (FabricLoader/Mixin) Selecting config fabric-resource-loader-v1.client.mixins.json
[04:22:02] [main/DEBUG] (FabricLoader/Mixin) Selecting config mixinextras.init.mixins.json
[04:22:02] [main/DEBUG] (FabricLoader/MixinExtras|Service) com.llamalad7.mixinextras.service.MixinExtrasServiceImpl(version=0.5.0) is taking over from null
[04:22:02] [main/DEBUG] (FabricLoader/Mixin) Registering new injector for @Inject with org.spongepowered.asm.mixin.injection.struct.CallbackInjectionInfo
[04:22:02] [main/DEBUG] (FabricLoader/Mixin) Registering new injector for @ModifyArg with org.spongepowered.asm.mixin.injection.struct.ModifyArgInjectionInfo
[04:22:02] [main/DEBUG] (FabricLoader/Mixin) Registering new injector for @ModifyArgs with org.spongepowered.asm.mixin.injection.struct.ModifyArgsInjectionInfo
[04:22:02] [main/DEBUG] (FabricLoader/Mixin) Registering new injector for @Redirect with org.spongepowered.asm.mixin.injection.struct.RedirectInjectionInfo
[04:22:02] [main/DEBUG] (FabricLoader/Mixin) Registering new injector for @ModifyVariable with org.spongepowered.asm.mixin.injection.struct.ModifyVariableInjectionInfo
[04:22:02] [main/DEBUG] (FabricLoader/Mixin) Registering new injector for @ModifyConstant with org.spongepowered.asm.mixin.injection.struct.ModifyConstantInjectionInfo
[04:22:02] [main/DEBUG] (FabricLoader/Mixin) Selecting config meteor-client.mixins.json
[04:22:02] [main/DEBUG] (FabricLoader/Mixin) Selecting config meteor-client-indigo.mixins.json
[04:22:02] [main/DEBUG] (FabricLoader/Mixin) Selecting config meteor-client-sodium.mixins.json
[04:22:02] [main/DEBUG] (FabricLoader/Mixin) Selecting config meteor-client-lithium.mixins.json
[04:22:02] [main/DEBUG] (FabricLoader/Mixin) Selecting config meteor-client-viafabricplus.mixins.json
[04:22:02] [main/DEBUG] (FabricLoader/Mixin) Preparing fabric-resource-loader-v1.mixins.json (15)
[04:22:02] [main/DEBUG] (FabricLoader/Mixin) Preparing fabric-resource-loader-v1.client.mixins.json (9)
[04:22:02] [main/DEBUG] (FabricLoader/Mixin) @Mixin target net/minecraft/client/option/GameOptions$3 is public in fabric-resource-loader-v1.client.mixins.json:GameOptionsWriteVisitorMixin from mod fabric-resource-loader-v1 and should be specified in value
[04:22:02] [main/DEBUG] (FabricLoader/Mixin) Preparing mixinextras.init.mixins.json (0)
[04:22:02] [main/DEBUG] (FabricLoader/Mixin) Preparing meteor-client.mixins.json (166)
[04:22:02] [main/DEBUG] (FabricLoader/Mixin) @Mixin target net.minecraft.client.gui.hud.ChatHud$Interactable is public in meteor-client.mixins.json:ChatHudInteractableMixin from mod mineciska and should be specified in value
[04:22:02] [main/DEBUG] (FabricLoader/Mixin) @Mixin target net.minecraft.client.gui.hud.ChatHud$1 is public in meteor-client.mixins.json:ChatHudLineConsumerMixin from mod mineciska and should be specified in value
[04:22:02] [main/DEBUG] (FabricLoader/Mixin) @Mixin target net.minecraft.client.gui.screen.ingame.CreativeInventoryScreen$CreativeSlot is public in meteor-client.mixins.json:CreativeSlotMixin from mod mineciska and should be specified in value
[04:22:02] [main/DEBUG] (FabricLoader/Mixin) Preparing meteor-client-indigo.mixins.json (0)
[04:22:02] [main/DEBUG] (FabricLoader/Mixin) Preparing meteor-client-sodium.mixins.json (7)
[04:22:02] [main/DEBUG] (FabricLoader/Mixin) Preparing meteor-client-lithium.mixins.json (1)
[04:22:02] [main/DEBUG] (FabricLoader/Mixin) Preparing meteor-client-viafabricplus.mixins.json (1)
[04:22:02] [main/DEBUG] (FabricLoader/Mixin) Prepared 189 mixins in 0,390 sec (2,1ms avg) (0ms load, 0ms transform, 0ms plugin)
[04:22:02] [main/DEBUG] (io.netty.util.internal.logging.InternalLoggerFactory) Using SLF4J as the default logging framework
[04:22:02] [main/DEBUG] (io.netty.util.ResourceLeakDetector) -Dio.netty.leakDetection.level: simple
[04:22:02] [main/DEBUG] (io.netty.util.ResourceLeakDetector) -Dio.netty.leakDetection.targetRecords: 4
[04:22:02] [main/INFO] (FabricLoader/MixinExtras|Service) Initializing MixinExtras via com.llamalad7.mixinextras.service.MixinExtrasServiceImpl(version=0.5.0).
[04:22:02] [main/DEBUG] (FabricLoader/Mixin) Registering new injector for @SugarWrapper with com.llamalad7.mixinextras.sugar.impl.SugarWrapperInjectionInfo
[04:22:02] [main/DEBUG] (FabricLoader/Mixin) Registering new injector for @FactoryRedirectWrapper with com.llamalad7.mixinextras.wrapper.factory.FactoryRedirectWrapperInjectionInfo
[04:22:02] [main/DEBUG] (FabricLoader/Mixin) Registering new injector for @ExpressionInjectorWrapper with com.llamalad7.mixinextras.expression.impl.wrapper.ExpressionInjectorWrapperInjectionInfo
[04:22:02] [main/DEBUG] (FabricLoader/Mixin) Mixing TextMixin from meteor-client.mixins.json into net.minecraft.text.Text
[04:22:02] [main/DEBUG] (FabricLoader/Mixin) Mixing MutableTextMixin from meteor-client.mixins.json into net.minecraft.text.MutableText
[04:22:03] [main/DEBUG] (FabricLoader/Mixin) Mixing CrashReportMixin from meteor-client.mixins.json into net.minecraft.util.crash.CrashReport
[04:22:03] [main/DEBUG] (FabricLoader/Mixin) meteor-client.mixins.json:CrashReportMixin from mod mineciska->@Inject::onAddDetails(Ljava/lang/StringBuilder;Lorg/spongepowered/asm/mixin/injection/callback/CallbackInfo;)V doesn't use it's CallbackInfo
[04:22:03] [main/DEBUG] (FabricLoader/Mixin) meteor-client.mixins.json:CrashReportMixin from mod mineciska->@Inject::onAddDetails(Ljava/lang/StringBuilder;Lorg/spongepowered/asm/mixin/injection/callback/CallbackInfo;)V has 0 override(s) in child classes
[04:22:03] [main/DEBUG] (FabricLoader/Mixin) meteor-client.mixins.json:CrashReportMixin from mod mineciska->@Inject::onAddDetails(Ljava/lang/StringBuilder;Lorg/spongepowered/asm/mixin/injection/callback/CallbackInfo;)V won't be passed a CallbackInfo as a result
[04:22:03] [Datafixer Bootstrap/INFO] (com.mojang.datafixers.DataFixerBuilder) 287 Datafixer optimizations took 537 milliseconds
[04:22:04] [main/DEBUG] (FabricLoader/Mixin) Mixing ScreenMixin from meteor-client.mixins.json into net.minecraft.client.gui.screen.Screen
[04:22:04] [main/DEBUG] (FabricLoader/Mixin) meteor-client.mixins.json:ScreenMixin from mod mineciska->@Inject::onRenderInGameBackground(Lorg/spongepowered/asm/mixin/injection/callback/CallbackInfo;)V does use it's CallbackInfo
[04:22:04] [main/DEBUG] (FabricLoader/Mixin) meteor-client.mixins.json:ScreenMixin from mod mineciska->@Inject::onHandleClickEvent(Lnet/minecraft/text/ClickEvent;Lnet/minecraft/client/MinecraftClient;Lnet/minecraft/client/gui/screen/Screen;Lorg/spongepowered/asm/mixin/injection/callback/CallbackInfo;)V doesn't use it's CallbackInfo
[04:22:04] [main/DEBUG] (FabricLoader/Mixin) meteor-client.mixins.json:ScreenMixin from mod mineciska->@Inject::onHandleBasicClickEvent(Lnet/minecraft/text/ClickEvent;Lnet/minecraft/client/MinecraftClient;Lnet/minecraft/client/gui/screen/Screen;Lorg/spongepowered/asm/mixin/injection/callback/CallbackInfo;)V doesn't use it's CallbackInfo
[04:22:04] [main/DEBUG] (FabricLoader/Mixin) Mixing ChatScreenMixin from meteor-client.mixins.json into net.minecraft.client.gui.screen.ChatScreen
[04:22:04] [main/DEBUG] (FabricLoader/Mixin) meteor-client.mixins.json:ChatScreenMixin from mod mineciska->@Inject::onInit(Lorg/spongepowered/asm/mixin/injection/callback/CallbackInfo;)V doesn't use it's CallbackInfo
[04:22:04] [main/DEBUG] (FabricLoader/Mixin) meteor-client.mixins.json:ChatScreenMixin from mod mineciska->@Inject::onInit(Lorg/spongepowered/asm/mixin/injection/callback/CallbackInfo;)V has 0 override(s) in child classes
[04:22:04] [main/DEBUG] (FabricLoader/Mixin) meteor-client.mixins.json:ChatScreenMixin from mod mineciska->@Inject::onInit(Lorg/spongepowered/asm/mixin/injection/callback/CallbackInfo;)V won't be passed a CallbackInfo as a result
[04:22:04] [main/DEBUG] (FabricLoader/Mixin) Mixing RegistriesMixin from meteor-client.mixins.json into net.minecraft.registry.Registries
[04:22:04] [main/DEBUG] (FabricLoader/Mixin) Mixing ItemGroupsAccessor from meteor-client.mixins.json into net.minecraft.item.ItemGroups
[04:22:04] [main/DEBUG] (FabricLoader/Mixin) Renaming @Accessor method meteor$getInventory()Lnet/minecraft/registry/RegistryKey; to meteor$getInventory$mineciska_$md$0c786c$0 in meteor-client.mixins.json:ItemGroupsAccessor from mod mineciska
[04:22:04] [main/DEBUG] (FabricLoader/Mixin) Mixing ItemGroupsMixin from meteor-client.mixins.json into net.minecraft.item.ItemGroups
[04:22:04] [main/DEBUG] (FabricLoader/Mixin) Mixing AbstractBlockAccessor from meteor-client.mixins.json into net.minecraft.block.AbstractBlock
[04:22:04] [main/DEBUG] (FabricLoader/Mixin) Mixing AbstractBlockMixin from meteor-client.mixins.json into net.minecraft.block.AbstractBlock
[04:22:04] [main/DEBUG] (FabricLoader/Mixin) meteor-client.mixins.json:AbstractBlockMixin from mod mineciska->@Inject::onGetAmbientOcclusionLightLevel(Lnet/minecraft/block/BlockState;Lnet/minecraft/world/BlockView;Lnet/minecraft/util/math/BlockPos;Lorg/spongepowered/asm/mixin/injection/callback/CallbackInfoReturnable;)V does use it's CallbackInfoReturnable
[04:22:04] [main/DEBUG] (FabricLoader/Mixin) meteor-client.mixins.json:AbstractBlockMixin from mod mineciska->@Inject::onRenderingSeed(Lnet/minecraft/block/BlockState;Lnet/minecraft/util/math/BlockPos;Lorg/spongepowered/asm/mixin/injection/callback/CallbackInfoReturnable;)V does use it's CallbackInfoReturnable
[04:22:04] [main/DEBUG] (FabricLoader/Mixin) Mixing EntityAccessor from meteor-client.mixins.json into net.minecraft.entity.Entity
[04:22:04] [main/DEBUG] (FabricLoader/Mixin) Mixing EntityMixin from meteor-client.mixins.json into net.minecraft.entity.Entity
[04:22:04] [main/DEBUG] (FabricLoader/Mixin) ArgsClassGenerator assigning org.spongepowered.asm.synthetic.args.Args$1 for descriptor (DDD)V
[04:22:04] [main/DEBUG] (FabricLoader/Mixin) meteor-client.mixins.json:EntityMixin from mod mineciska->@Inject::onMove(Lnet/minecraft/entity/MovementType;Lnet/minecraft/util/math/Vec3d;Lorg/spongepowered/asm/mixin/injection/callback/CallbackInfo;)V doesn't use it's CallbackInfo
[04:22:04] [main/DEBUG] (FabricLoader/Mixin) meteor-client.mixins.json:EntityMixin from mod mineciska->@Inject::onMove(Lnet/minecraft/entity/MovementType;Lnet/minecraft/util/math/Vec3d;Lorg/spongepowered/asm/mixin/injection/callback/CallbackInfo;)V has 0 override(s) in child classes
[04:22:04] [main/DEBUG] (FabricLoader/Mixin) meteor-client.mixins.json:EntityMixin from mod mineciska->@Inject::onMove(Lnet/minecraft/entity/MovementType;Lnet/minecraft/util/math/Vec3d;Lorg/spongepowered/asm/mixin/injection/callback/CallbackInfo;)V won't be passed a CallbackInfo as a result
[04:22:04] [main/DEBUG] (FabricLoader/Mixin) meteor-client.mixins.json:EntityMixin from mod mineciska->@Inject::isGlowing(Lorg/spongepowered/asm/mixin/injection/callback/CallbackInfoReturnable;)V does use it's CallbackInfoReturnable
[04:22:04] [main/DEBUG] (FabricLoader/Mixin) meteor-client.mixins.json:EntityMixin from mod mineciska->@Inject::onIsInvisibleTo(Lnet/minecraft/entity/player/PlayerEntity;Lorg/spongepowered/asm/mixin/injection/callback/CallbackInfoReturnable;)V does use it's CallbackInfoReturnable
[04:22:04] [main/DEBUG] (FabricLoader/Mixin) meteor-client.mixins.json:EntityMixin from mod mineciska->@Inject::updateChangeLookDirection(DDLorg/spongepowered/asm/mixin/injection/callback/CallbackInfo;)V does use it's CallbackInfo
[04:22:04] [main/DEBUG] (FabricLoader/Mixin) Mixing PlayerEntityAccessor from meteor-client.mixins.json into net.minecraft.entity.player.PlayerEntity
[04:22:04] [main/DEBUG] (FabricLoader/Mixin) Mixing PlayerEntityMixin from meteor-client.mixins.json into net.minecraft.entity.player.PlayerEntity
[04:22:04] [main/DEBUG] (FabricLoader/Mixin) meteor-client.mixins.json:PlayerEntityMixin from mod mineciska->@Inject::clipAtLedge(Lorg/spongepowered/asm/mixin/injection/callback/CallbackInfoReturnable;)V does use it's CallbackInfoReturnable
[04:22:04] [main/DEBUG] (FabricLoader/Mixin) meteor-client.mixins.json:PlayerEntityMixin from mod mineciska->@Inject::onDropItem(Lnet/minecraft/item/ItemStack;ZLorg/spongepowered/asm/mixin/injection/callback/CallbackInfoReturnable;)V does use it's CallbackInfoReturnable
[04:22:04] [main/DEBUG] (FabricLoader/Mixin) Mixing LivingEntityAccessor from meteor-client.mixins.json into net.minecraft.entity.LivingEntity
[04:22:04] [main/DEBUG] (FabricLoader/Mixin) Mixing LivingEntityMixin from meteor-client.mixins.json into net.minecraft.entity.LivingEntity
[04:22:04] [main/DEBUG] (FabricLoader/Mixin) meteor-client.mixins.json:LivingEntityMixin from mod mineciska->@Inject::spawnItemParticles(Lnet/minecraft/item/ItemStack;ILorg/spongepowered/asm/mixin/injection/callback/CallbackInfo;)V does use it's CallbackInfo
[04:22:04] [main/DEBUG] (FabricLoader/Mixin) Mixing BlockStateMixin from meteor-client.mixins.json into net.minecraft.block.BlockState
[04:22:04] [main/DEBUG] (FabricLoader/Mixin) Mixing AbstractBlockStateMixin from meteor-client.mixins.json into net.minecraft.block.AbstractBlock$AbstractBlockState
[04:22:04] [main/DEBUG] (FabricLoader/Mixin) meteor-client.mixins.json:AbstractBlockStateMixin from mod mineciska->@Inject::modifyPos(Lnet/minecraft/util/math/BlockPos;Lorg/spongepowered/asm/mixin/injection/callback/CallbackInfoReturnable;)V does use it's CallbackInfoReturnable
[04:22:04] [main/DEBUG] (FabricLoader/Mixin) Mixing WorldAccessor from meteor-client.mixins.json into net.minecraft.world.World
[04:22:04] [main/DEBUG] (FabricLoader/Mixin) Mixing DirectionAccessor from meteor-client.mixins.json into net.minecraft.util.math.Direction
[04:22:04] [main/DEBUG] (FabricLoader/Mixin) Renaming @Accessor method meteor$getHorizontal()[Lnet/minecraft/util/math/Direction; to meteor$getHorizontal$mineciska_$md$0c786c$0 in meteor-client.mixins.json:DirectionAccessor from mod mineciska
[04:22:04] [main/DEBUG] (FabricLoader/Mixin) Mixing Vec3dMixin from meteor-client.mixins.json into net.minecraft.util.math.Vec3d
[04:22:05] [main/DEBUG] (FabricLoader/Mixin) Mixing StatusEffectInstanceAccessor from meteor-client.mixins.json into net.minecraft.entity.effect.StatusEffectInstance
[04:22:05] [main/DEBUG] (FabricLoader/Mixin) Mixing BoxMixin from meteor-client.mixins.json into net.minecraft.util.math.Box
[04:22:05] [main/DEBUG] (FabricLoader/Mixin) Mixing ProjectileInGroundAccessor from meteor-client.mixins.json into net.minecraft.entity.projectile.PersistentProjectileEntity
[04:22:05] [main/DEBUG] (FabricLoader/Mixin) Mixing ItemStackMixin from meteor-client.mixins.json into net.minecraft.item.ItemStack
[04:22:05] [main/DEBUG] (FabricLoader/Mixin) meteor-client.mixins.json:ItemStackMixin from mod mineciska->@Inject::onFinishUsing(Lnet/minecraft/world/World;Lnet/minecraft/entity/LivingEntity;Lorg/spongepowered/asm/mixin/injection/callback/CallbackInfoReturnable;)V doesn't use it's CallbackInfoReturnable
[04:22:05] [main/DEBUG] (FabricLoader/Mixin) meteor-client.mixins.json:ItemStackMixin from mod mineciska->@Inject::onStoppedUsing(Lnet/minecraft/world/World;Lnet/minecraft/entity/LivingEntity;ILorg/spongepowered/asm/mixin/injection/callback/CallbackInfo;)V doesn't use it's CallbackInfo
[04:22:05] [main/DEBUG] (FabricLoader/Mixin) Mixing ItemMixin from meteor-client.mixins.json into net.minecraft.item.Item
[04:22:05] [main/DEBUG] (FabricLoader/Mixin) meteor-client.mixins.json:ItemMixin from mod mineciska->@Inject::onTooltipData(Lnet/minecraft/item/ItemStack;Lorg/spongepowered/asm/mixin/injection/callback/CallbackInfoReturnable;)V does use it's CallbackInfoReturnable
[04:22:06] [main/DEBUG] (FabricLoader/Mixin) Mixing EntityBucketItemAccessor from meteor-client.mixins.json into net.minecraft.item.EntityBucketItem
[04:22:06] [main/DEBUG] (FabricLoader/Mixin) Mixing BlockItemMixin from meteor-client.mixins.json into net.minecraft.item.BlockItem
[04:22:06] [main/DEBUG] (FabricLoader/Mixin) meteor-client.mixins.json:BlockItemMixin from mod mineciska->@Inject::onPlace(Lnet/minecraft/item/ItemPlacementContext;Lnet/minecraft/block/BlockState;Lorg/spongepowered/asm/mixin/injection/callback/CallbackInfoReturnable;)V does use it's CallbackInfoReturnable
[04:22:06] [main/DEBUG] (FabricLoader/Mixin) Mixing CrossbowItemAccessor from meteor-client.mixins.json into net.minecraft.item.CrossbowItem
[04:22:06] [main/DEBUG] (FabricLoader/Mixin) Renaming @Invoker method meteor$getSpeed(Lnet/minecraft/component/type/ChargedProjectilesComponent;)F to meteor$getSpeed$mineciska_$md$0c786c$0 in meteor-client.mixins.json:CrossbowItemAccessor from mod mineciska
[04:22:06] [main/DEBUG] (FabricLoader/Mixin) Mixing TooltipDisplayComponentMixin from meteor-client.mixins.json into net.minecraft.component.type.TooltipDisplayComponent
[04:22:06] [main/DEBUG] (FabricLoader/Mixin) Mixing BlockHitResultAccessor from meteor-client.mixins.json into net.minecraft.util.hit.BlockHitResult
[04:22:06] [main/DEBUG] (FabricLoader/Mixin) Mixing ChunkAccessor from meteor-client.mixins.json into net.minecraft.world.chunk.Chunk
[04:22:06] [main/DEBUG] (FabricLoader/Mixin) Mixing WorldChunkMixin from meteor-client.mixins.json into net.minecraft.world.chunk.WorldChunk
[04:22:06] [main/DEBUG] (FabricLoader/Mixin) meteor-client.mixins.json:WorldChunkMixin from mod mineciska->@Inject::onSetBlockState(Lnet/minecraft/util/math/BlockPos;Lnet/minecraft/block/BlockState;ILorg/spongepowered/asm/mixin/injection/callback/CallbackInfoReturnable;)V does use it's CallbackInfoReturnable
[04:22:06] [main/DEBUG] (FabricLoader/Mixin) Mixing FishingBobberEntityAccessor from meteor-client.mixins.json into net.minecraft.entity.projectile.FishingBobberEntity
[04:22:06] [main/DEBUG] (FabricLoader/Mixin) Mixing ContainerComponentAccessor from meteor-client.mixins.json into net.minecraft.component.type.ContainerComponent
[04:22:06] [main/DEBUG] (FabricLoader/Mixin) Mixing ContainerComponentMixin from meteor-client.mixins.json into net.minecraft.component.type.ContainerComponent
[04:22:06] [main/DEBUG] (FabricLoader/Mixin) meteor-client.mixins.json:ContainerComponentMixin from mod mineciska->@Inject::onAppendTooltip(Lnet/minecraft/item/Item$TooltipContext;Ljava/util/function/Consumer;Lnet/minecraft/item/tooltip/TooltipType;Lnet/minecraft/component/ComponentsAccess;Lorg/spongepowered/asm/mixin/injection/callback/CallbackInfo;)V does use it's CallbackInfo
[04:22:06] [main/DEBUG] (FabricLoader/Mixin) Mixing BundleItemMixin from meteor-client.mixins.json into net.minecraft.item.BundleItem
[04:22:06] [main/DEBUG] (FabricLoader/Mixin) meteor-client.mixins.json:BundleItemMixin from mod mineciska->@Inject::onTooltipData(Lnet/minecraft/item/ItemStack;Lorg/spongepowered/asm/mixin/injection/callback/CallbackInfoReturnable;)V does use it's CallbackInfoReturnable
[04:22:07] [main/DEBUG] (FabricLoader/Mixin) Mixing TridentItemMixin from meteor-client.mixins.json into net.minecraft.item.TridentItem
[04:22:07] [main/DEBUG] (FabricLoader/Mixin) meteor-client.mixins.json:TridentItemMixin from mod mineciska->@Inject::onStoppedUsingHead(Lnet/minecraft/item/ItemStack;Lnet/minecraft/world/World;Lnet/minecraft/entity/LivingEntity;ILorg/spongepowered/asm/mixin/injection/callback/CallbackInfoReturnable;)V doesn't use it's CallbackInfoReturnable
[04:22:07] [main/DEBUG] (FabricLoader/Mixin) meteor-client.mixins.json:TridentItemMixin from mod mineciska->@Inject::onStoppedUsingHead(Lnet/minecraft/item/ItemStack;Lnet/minecraft/world/World;Lnet/minecraft/entity/LivingEntity;ILorg/spongepowered/asm/mixin/injection/callback/CallbackInfoReturnable;)V has 0 override(s) in child classes
[04:22:07] [main/DEBUG] (FabricLoader/Mixin) meteor-client.mixins.json:TridentItemMixin from mod mineciska->@Inject::onStoppedUsingHead(Lnet/minecraft/item/ItemStack;Lnet/minecraft/world/World;Lnet/minecraft/entity/LivingEntity;ILorg/spongepowered/asm/mixin/injection/callback/CallbackInfoReturnable;)V won't be passed a CallbackInfoReturnable as a result
[04:22:07] [main/DEBUG] (FabricLoader/Mixin) meteor-client.mixins.json:TridentItemMixin from mod mineciska->@Inject::onStoppedUsingTail(Lnet/minecraft/item/ItemStack;Lnet/minecraft/world/World;Lnet/minecraft/entity/LivingEntity;ILorg/spongepowered/asm/mixin/injection/callback/CallbackInfoReturnable;)V doesn't use it's CallbackInfoReturnable
[04:22:07] [main/DEBUG] (FabricLoader/Mixin) meteor-client.mixins.json:TridentItemMixin from mod mineciska->@Inject::onStoppedUsingTail(Lnet/minecraft/item/ItemStack;Lnet/minecraft/world/World;Lnet/minecraft/entity/LivingEntity;ILorg/spongepowered/asm/mixin/injection/callback/CallbackInfoReturnable;)V has 0 override(s) in child classes
[04:22:07] [main/DEBUG] (FabricLoader/Mixin) meteor-client.mixins.json:TridentItemMixin from mod mineciska->@Inject::onStoppedUsingTail(Lnet/minecraft/item/ItemStack;Lnet/minecraft/world/World;Lnet/minecraft/entity/LivingEntity;ILorg/spongepowered/asm/mixin/injection/callback/CallbackInfoReturnable;)V won't be passed a CallbackInfoReturnable as a result
[04:22:07] [main/DEBUG] (FabricLoader/Mixin) Mixing AbstractFurnaceScreenHandlerMixin from meteor-client.mixins.json into net.minecraft.screen.AbstractFurnaceScreenHandler
[04:22:07] [main/DEBUG] (FabricLoader/Mixin) Mixing ShulkerBoxScreenHandlerAccessor from meteor-client.mixins.json into net.minecraft.screen.ShulkerBoxScreenHandler
[04:22:07] [main/DEBUG] (FabricLoader/Mixin) Mixing SlotMixin from meteor-client.mixins.json into net.minecraft.screen.slot.Slot
[04:22:08] [main/DEBUG] (FabricLoader/Mixin) Mixing RenderLayerAccessor from meteor-client.mixins.json into net.minecraft.client.render.RenderLayer
[04:22:08] [main/DEBUG] (FabricLoader/Mixin) Mixing RenderPipelineMixin from meteor-client.mixins.json into com.mojang.blaze3d.pipeline.RenderPipeline
[04:22:08] [main/DEBUG] (FabricLoader/Mixin) Mixing ItemRendererMixin from meteor-client.mixins.json into net.minecraft.client.render.item.ItemRenderer
[04:22:08] [main/DEBUG] (FabricLoader/Mixin) Mixing KeyBindingAccessor from meteor-client.mixins.json into net.minecraft.client.option.KeyBinding
[04:22:08] [main/DEBUG] (FabricLoader/Mixin) Renaming @Accessor method getKeysById()Ljava/util/Map; to getKeysById$mineciska_$md$0c786c$0 in meteor-client.mixins.json:KeyBindingAccessor from mod mineciska
[04:22:08] [main/DEBUG] (FabricLoader/Mixin) Mixing CompassStateMixin from meteor-client.mixins.json into net.minecraft.client.render.item.property.numeric.CompassState
[04:22:08] [main/DEBUG] (FabricLoader/Mixin) Mixing ClientWorldMixin from meteor-client.mixins.json into net.minecraft.client.world.ClientWorld
[04:22:08] [main/DEBUG] (FabricLoader/Mixin) meteor-client.mixins.json:ClientWorldMixin from mod mineciska->@Inject::onAddEntity(Lnet/minecraft/entity/Entity;Lorg/spongepowered/asm/mixin/injection/callback/CallbackInfo;)V doesn't use it's CallbackInfo
[04:22:08] [main/DEBUG] (FabricLoader/Mixin) meteor-client.mixins.json:ClientWorldMixin from mod mineciska->@Inject::onAddEntity(Lnet/minecraft/entity/Entity;Lorg/spongepowered/asm/mixin/injection/callback/CallbackInfo;)V has 0 override(s) in child classes
[04:22:08] [main/DEBUG] (FabricLoader/Mixin) meteor-client.mixins.json:ClientWorldMixin from mod mineciska->@Inject::onAddEntity(Lnet/minecraft/entity/Entity;Lorg/spongepowered/asm/mixin/injection/callback/CallbackInfo;)V won't be passed a CallbackInfo as a result
[04:22:08] [main/DEBUG] (FabricLoader/Mixin) meteor-client.mixins.json:ClientWorldMixin from mod mineciska->@Inject::onRemoveEntity(ILnet/minecraft/entity/Entity$RemovalReason;Lorg/spongepowered/asm/mixin/injection/callback/CallbackInfo;)V doesn't use it's CallbackInfo
[04:22:08] [main/DEBUG] (FabricLoader/Mixin) meteor-client.mixins.json:ClientWorldMixin from mod mineciska->@Inject::onRemoveEntity(ILnet/minecraft/entity/Entity$RemovalReason;Lorg/spongepowered/asm/mixin/injection/callback/CallbackInfo;)V has 0 override(s) in child classes
[04:22:08] [main/DEBUG] (FabricLoader/Mixin) meteor-client.mixins.json:ClientWorldMixin from mod mineciska->@Inject::onRemoveEntity(ILnet/minecraft/entity/Entity$RemovalReason;Lorg/spongepowered/asm/mixin/injection/callback/CallbackInfo;)V won't be passed a CallbackInfo as a result
[04:22:08] [main/DEBUG] (FabricLoader/Mixin) ArgsClassGenerator assigning org.spongepowered.asm.synthetic.args.Args$2 for descriptor (IIIILnet/minecraft/util/math/random/Random;Lnet/minecraft/block/Block;Lnet/minecraft/util/math/BlockPos$Mutable;)V
[04:22:08] [main/DEBUG] (FabricLoader/Mixin) meteor-client.mixins.json:ClientWorldMixin from mod mineciska->@Inject::onAddBlockBreakParticles(Lnet/minecraft/util/math/BlockPos;Lnet/minecraft/block/BlockState;Lorg/spongepowered/asm/mixin/injection/callback/CallbackInfo;)V does use it's CallbackInfo
[04:22:08] [main/DEBUG] (FabricLoader/Mixin) meteor-client.mixins.json:ClientWorldMixin from mod mineciska->@Inject::onAddBlockBreakingParticles(Lnet/minecraft/util/math/BlockPos;Lnet/minecraft/util/math/Direction;Lorg/spongepowered/asm/mixin/injection/callback/CallbackInfo;)V does use it's CallbackInfo
[04:22:08] [main/DEBUG] (FabricLoader/Mixin) Mixing ClientPlayerEntityAccessor from meteor-client.mixins.json into net.minecraft.client.network.ClientPlayerEntity
[04:22:08] [main/DEBUG] (FabricLoader/Mixin) Mixing ClientPlayerEntityMixin from meteor-client.mixins.json into net.minecraft.client.network.ClientPlayerEntity
[04:22:08] [main/DEBUG] (FabricLoader/Mixin) meteor-client.mixins.json:ClientPlayerEntityMixin from mod mineciska->@Inject::onDropSelectedItem(ZLorg/spongepowered/asm/mixin/injection/callback/CallbackInfoReturnable;)V does use it's CallbackInfoReturnable
[04:22:08] [main/DEBUG] (FabricLoader/Mixin) meteor-client.mixins.json:ClientPlayerEntityMixin from mod mineciska->@Inject::preTickMovement(Lorg/spongepowered/asm/mixin/injection/callback/CallbackInfo;)V doesn't use it's CallbackInfo
[04:22:08] [main/DEBUG] (FabricLoader/Mixin) meteor-client.mixins.json:ClientPlayerEntityMixin from mod mineciska->@Inject::preTickMovement(Lorg/spongepowered/asm/mixin/injection/callback/CallbackInfo;)V has 0 override(s) in child classes
[04:22:08] [main/DEBUG] (FabricLoader/Mixin) meteor-client.mixins.json:ClientPlayerEntityMixin from mod mineciska->@Inject::preTickMovement(Lorg/spongepowered/asm/mixin/injection/callback/CallbackInfo;)V won't be passed a CallbackInfo as a result
[04:22:08] [main/DEBUG] (FabricLoader/Mixin) meteor-client.mixins.json:ClientPlayerEntityMixin from mod mineciska->@Inject::onSendMovementPacketsHead(Lorg/spongepowered/asm/mixin/injection/callback/CallbackInfo;)V doesn't use it's CallbackInfo
[04:22:08] [main/DEBUG] (FabricLoader/Mixin) meteor-client.mixins.json:ClientPlayerEntityMixin from mod mineciska->@Inject::onSendMovementPacketsHead(Lorg/spongepowered/asm/mixin/injection/callback/CallbackInfo;)V has 0 override(s) in child classes
[04:22:08] [main/DEBUG] (FabricLoader/Mixin) meteor-client.mixins.json:ClientPlayerEntityMixin from mod mineciska->@Inject::onSendMovementPacketsHead(Lorg/spongepowered/asm/mixin/injection/callback/CallbackInfo;)V won't be passed a CallbackInfo as a result
[04:22:08] [main/DEBUG] (FabricLoader/Mixin) meteor-client.mixins.json:ClientPlayerEntityMixin from mod mineciska->@Inject::onTickHasVehicleBeforeSendPackets(Lorg/spongepowered/asm/mixin/injection/callback/CallbackInfo;)V doesn't use it's CallbackInfo
[04:22:08] [main/DEBUG] (FabricLoader/Mixin) meteor-client.mixins.json:ClientPlayerEntityMixin from mod mineciska->@Inject::onTickHasVehicleBeforeSendPackets(Lorg/spongepowered/asm/mixin/injection/callback/CallbackInfo;)V has 0 override(s) in child classes
[04:22:08] [main/DEBUG] (FabricLoader/Mixin) meteor-client.mixins.json:ClientPlayerEntityMixin from mod mineciska->@Inject::onTickHasVehicleBeforeSendPackets(Lorg/spongepowered/asm/mixin/injection/callback/CallbackInfo;)V won't be passed a CallbackInfo as a result
[04:22:08] [main/DEBUG] (FabricLoader/Mixin) meteor-client.mixins.json:ClientPlayerEntityMixin from mod mineciska->@Inject::onSendMovementPacketsTail(Lorg/spongepowered/asm/mixin/injection/callback/CallbackInfo;)V doesn't use it's CallbackInfo
[04:22:08] [main/DEBUG] (FabricLoader/Mixin) meteor-client.mixins.json:ClientPlayerEntityMixin from mod mineciska->@Inject::onSendMovementPacketsTail(Lorg/spongepowered/asm/mixin/injection/callback/CallbackInfo;)V has 0 override(s) in child classes
[04:22:08] [main/DEBUG] (FabricLoader/Mixin) meteor-client.mixins.json:ClientPlayerEntityMixin from mod mineciska->@Inject::onSendMovementPacketsTail(Lorg/spongepowered/asm/mixin/injection/callback/CallbackInfo;)V won't be passed a CallbackInfo as a result
[04:22:08] [main/DEBUG] (FabricLoader/Mixin) meteor-client.mixins.json:ClientPlayerEntityMixin from mod mineciska->@Inject::onTickHasVehicleAfterSendPackets(Lorg/spongepowered/asm/mixin/injection/callback/CallbackInfo;)V doesn't use it's CallbackInfo
[04:22:08] [main/DEBUG] (FabricLoader/Mixin) meteor-client.mixins.json:ClientPlayerEntityMixin from mod mineciska->@Inject::onTickHasVehicleAfterSendPackets(Lorg/spongepowered/asm/mixin/injection/callback/CallbackInfo;)V has 0 override(s) in child classes
[04:22:08] [main/DEBUG] (FabricLoader/Mixin) meteor-client.mixins.json:ClientPlayerEntityMixin from mod mineciska->@Inject::onTickHasVehicleAfterSendPackets(Lorg/spongepowered/asm/mixin/injection/callback/CallbackInfo;)V won't be passed a CallbackInfo as a result
[04:22:08] [main/DEBUG] (FabricLoader/Mixin) Mixing AbstractClientPlayerEntityAccessor from meteor-client.mixins.json into net.minecraft.client.network.AbstractClientPlayerEntity
[04:22:08] [main/DEBUG] (FabricLoader/Mixin) Mixing AbstractClientPlayerEntityMixin from meteor-client.mixins.json into net.minecraft.client.network.AbstractClientPlayerEntity
[04:22:08] [main/DEBUG] (FabricLoader/Mixin) meteor-client.mixins.json:AbstractClientPlayerEntityMixin from mod mineciska->@Inject::onGetPlayerListEntry(Lorg/spongepowered/asm/mixin/injection/callback/CallbackInfoReturnable;)V does use it's CallbackInfoReturnable
[04:22:08] [Render thread/DEBUG] (FabricLoader/Mixin) Mixing RenderSystemMixin from meteor-client.mixins.json into com.mojang.blaze3d.systems.RenderSystem
[04:22:08] [Render thread/DEBUG] (FabricLoader/Mixin) meteor-client.mixins.json:RenderSystemMixin from mod mineciska->@Inject::meteor$flipFrame(Lorg/spongepowered/asm/mixin/injection/callback/CallbackInfo;)V doesn't use it's CallbackInfo
[04:22:08] [Render thread/DEBUG] (FabricLoader/Mixin) Mixing MinecraftClientAccessor from meteor-client.mixins.json into net.minecraft.client.MinecraftClient
[04:22:08] [Render thread/DEBUG] (FabricLoader/Mixin) Renaming @Accessor method meteor$getFps()I to meteor$getFps$mineciska_$md$0c786c$0 in meteor-client.mixins.json:MinecraftClientAccessor from mod mineciska
[04:22:08] [Render thread/DEBUG] (FabricLoader/Mixin) Mixing MinecraftClientMixin from meteor-client.mixins.json into net.minecraft.client.MinecraftClient
[04:22:08] [Render thread/DEBUG] (FabricLoader/Mixin) Renaming synthetic method lambda$onReloadResourcesNewCompletableFuture$0()V to md0c786c$mineciska$lambda$onReloadResourcesNewCompletableFuture$0$1 in meteor-client.mixins.json:MinecraftClientMixin from mod mineciska
[04:22:08] [Render thread/DEBUG] (FabricLoader/Mixin) meteor-client.mixins.json:MinecraftClientMixin from mod mineciska->@Inject::onInit(Lorg/spongepowered/asm/mixin/injection/callback/CallbackInfo;)V doesn't use it's CallbackInfo
[04:22:08] [Render thread/DEBUG] (FabricLoader/Mixin) meteor-client.mixins.json:MinecraftClientMixin from mod mineciska->@Inject::onInit(Lorg/spongepowered/asm/mixin/injection/callback/CallbackInfo;)V has 0 override(s) in child classes
[04:22:08] [Render thread/DEBUG] (FabricLoader/Mixin) meteor-client.mixins.json:MinecraftClientMixin from mod mineciska->@Inject::onInit(Lorg/spongepowered/asm/mixin/injection/callback/CallbackInfo;)V won't be passed a CallbackInfo as a result
[04:22:08] [Render thread/DEBUG] (FabricLoader/Mixin) meteor-client.mixins.json:MinecraftClientMixin from mod mineciska->@Inject::onPreTick(Lorg/spongepowered/asm/mixin/injection/callback/CallbackInfo;)V doesn't use it's CallbackInfo
[04:22:08] [Render thread/DEBUG] (FabricLoader/Mixin) meteor-client.mixins.json:MinecraftClientMixin from mod mineciska->@Inject::onPreTick(Lorg/spongepowered/asm/mixin/injection/callback/CallbackInfo;)V has 0 override(s) in child classes
[04:22:08] [Render thread/DEBUG] (FabricLoader/Mixin) meteor-client.mixins.json:MinecraftClientMixin from mod mineciska->@Inject::onPreTick(Lorg/spongepowered/asm/mixin/injection/callback/CallbackInfo;)V won't be passed a CallbackInfo as a result
[04:22:08] [Render thread/DEBUG] (FabricLoader/Mixin) meteor-client.mixins.json:MinecraftClientMixin from mod mineciska->@Inject::onTick(Lorg/spongepowered/asm/mixin/injection/callback/CallbackInfo;)V doesn't use it's CallbackInfo
[04:22:08] [Render thread/DEBUG] (FabricLoader/Mixin) meteor-client.mixins.json:MinecraftClientMixin from mod mineciska->@Inject::onTick(Lorg/spongepowered/asm/mixin/injection/callback/CallbackInfo;)V has 0 override(s) in child classes
[04:22:08] [Render thread/DEBUG] (FabricLoader/Mixin) meteor-client.mixins.json:MinecraftClientMixin from mod mineciska->@Inject::onTick(Lorg/spongepowered/asm/mixin/injection/callback/CallbackInfo;)V won't be passed a CallbackInfo as a result
[04:22:08] [Render thread/DEBUG] (FabricLoader/Mixin) meteor-client.mixins.json:MinecraftClientMixin from mod mineciska->@Inject::onAttack(Lorg/spongepowered/asm/mixin/injection/callback/CallbackInfoReturnable;)V doesn't use it's CallbackInfoReturnable
[04:22:08] [Render thread/DEBUG] (FabricLoader/Mixin) meteor-client.mixins.json:MinecraftClientMixin from mod mineciska->@Inject::onAttack(Lorg/spongepowered/asm/mixin/injection/callback/CallbackInfoReturnable;)V has 0 override(s) in child classes
[04:22:08] [Render thread/DEBUG] (FabricLoader/Mixin) meteor-client.mixins.json:MinecraftClientMixin from mod mineciska->@Inject::onAttack(Lorg/spongepowered/asm/mixin/injection/callback/CallbackInfoReturnable;)V won't be passed a CallbackInfoReturnable as a result
[04:22:08] [Render thread/DEBUG] (FabricLoader/Mixin) meteor-client.mixins.json:MinecraftClientMixin from mod mineciska->@Inject::onDoItemUse(Lorg/spongepowered/asm/mixin/injection/callback/CallbackInfo;)V doesn't use it's CallbackInfo
[04:22:08] [Render thread/DEBUG] (FabricLoader/Mixin) meteor-client.mixins.json:MinecraftClientMixin from mod mineciska->@Inject::onDoItemUse(Lorg/spongepowered/asm/mixin/injection/callback/CallbackInfo;)V has 0 override(s) in child classes
[04:22:08] [Render thread/DEBUG] (FabricLoader/Mixin) meteor-client.mixins.json:MinecraftClientMixin from mod mineciska->@Inject::onDoItemUse(Lorg/spongepowered/asm/mixin/injection/callback/CallbackInfo;)V won't be passed a CallbackInfo as a result
[04:22:08] [Render thread/DEBUG] (FabricLoader/Mixin) meteor-client.mixins.json:MinecraftClientMixin from mod mineciska->@Inject::onDisconnect(Lnet/minecraft/client/gui/screen/Screen;ZZLorg/spongepowered/asm/mixin/injection/callback/CallbackInfo;)V doesn't use it's CallbackInfo
[04:22:08] [Render thread/DEBUG] (FabricLoader/Mixin) meteor-client.mixins.json:MinecraftClientMixin from mod mineciska->@Inject::onDisconnect(Lnet/minecraft/client/gui/screen/Screen;ZZLorg/spongepowered/asm/mixin/injection/callback/CallbackInfo;)V has 0 override(s) in child classes
[04:22:08] [Render thread/DEBUG] (FabricLoader/Mixin) meteor-client.mixins.json:MinecraftClientMixin from mod mineciska->@Inject::onDisconnect(Lnet/minecraft/client/gui/screen/Screen;ZZLorg/spongepowered/asm/mixin/injection/callback/CallbackInfo;)V won't be passed a CallbackInfo as a result
[04:22:08] [Render thread/DEBUG] (FabricLoader/Mixin) meteor-client.mixins.json:MinecraftClientMixin from mod mineciska->@Inject::onSetScreen(Lnet/minecraft/client/gui/screen/Screen;Lorg/spongepowered/asm/mixin/injection/callback/CallbackInfo;)V does use it's CallbackInfo
[04:22:08] [Render thread/DEBUG] (FabricLoader/Mixin) meteor-client.mixins.json:MinecraftClientMixin from mod mineciska->@Inject::onDoItemUseBeforeHands(Lorg/spongepowered/asm/mixin/injection/callback/CallbackInfo;)V does use it's CallbackInfo
[04:22:08] [Render thread/DEBUG] (FabricLoader/Mixin) meteor-client.mixins.json:MinecraftClientMixin from mod mineciska->@Inject::onResolutionChanged(Lorg/spongepowered/asm/mixin/injection/callback/CallbackInfo;)V doesn't use it's CallbackInfo
[04:22:08] [Render thread/DEBUG] (FabricLoader/Mixin) meteor-client.mixins.json:MinecraftClientMixin from mod mineciska->@Inject::onResolutionChanged(Lorg/spongepowered/asm/mixin/injection/callback/CallbackInfo;)V has 0 override(s) in child classes
[04:22:08] [Render thread/DEBUG] (FabricLoader/Mixin) meteor-client.mixins.json:MinecraftClientMixin from mod mineciska->@Inject::onResolutionChanged(Lorg/spongepowered/asm/mixin/injection/callback/CallbackInfo;)V won't be passed a CallbackInfo as a result
[04:22:08] [Render thread/DEBUG] (FabricLoader/Mixin) meteor-client.mixins.json:MinecraftClientMixin from mod mineciska->@Inject::onRender(Lorg/spongepowered/asm/mixin/injection/callback/CallbackInfo;)V doesn't use it's CallbackInfo
[04:22:08] [Render thread/DEBUG] (FabricLoader/Mixin) meteor-client.mixins.json:MinecraftClientMixin from mod mineciska->@Inject::onRender(Lorg/spongepowered/asm/mixin/injection/callback/CallbackInfo;)V has 0 override(s) in child classes
[04:22:08] [Render thread/DEBUG] (FabricLoader/Mixin) meteor-client.mixins.json:MinecraftClientMixin from mod mineciska->@Inject::onRender(Lorg/spongepowered/asm/mixin/injection/callback/CallbackInfo;)V won't be passed a CallbackInfo as a result
[04:22:08] [Render thread/DEBUG] (FabricLoader/Mixin) Mixing SplashOverlayMixin from meteor-client.mixins.json into net.minecraft.client.gui.screen.SplashOverlay
[04:22:08] [Render thread/DEBUG] (FabricLoader/Mixin) Renaming synthetic method lambda$static$1()I to md0c786c$mineciska$lambda$static$1$0 in meteor-client.mixins.json:SplashOverlayMixin from mod mineciska
[04:22:08] [Render thread/DEBUG] (FabricLoader/Mixin) Renaming synthetic method lambda$css$init$0()Ljava/lang/String; to md0c786c$mineciska$lambda$css$init$0$1 in meteor-client.mixins.json:SplashOverlayMixin from mod mineciska
[04:22:08] [Render thread/DEBUG] (FabricLoader/Mixin) meteor-client.mixins.json:SplashOverlayMixin from mod mineciska->@Inject::css$init(Lnet/minecraft/client/MinecraftClient;Lnet/minecraft/resource/ResourceReload;Ljava/util/function/Consumer;ZLorg/spongepowered/asm/mixin/injection/callback/CallbackInfo;)V doesn't use it's CallbackInfo
[04:22:08] [Render thread/DEBUG] (FabricLoader/Mixin) meteor-client.mixins.json:SplashOverlayMixin from mod mineciska->@Inject::css$init(Lnet/minecraft/client/MinecraftClient;Lnet/minecraft/resource/ResourceReload;Ljava/util/function/Consumer;ZLorg/spongepowered/asm/mixin/injection/callback/CallbackInfo;)V has 0 override(s) in child classes
[04:22:08] [Render thread/DEBUG] (FabricLoader/Mixin) meteor-client.mixins.json:SplashOverlayMixin from mod mineciska->@Inject::css$init(Lnet/minecraft/client/MinecraftClient;Lnet/minecraft/resource/ResourceReload;Ljava/util/function/Consumer;ZLorg/spongepowered/asm/mixin/injection/callback/CallbackInfo;)V won't be passed a CallbackInfo as a result
[04:22:08] [Render thread/DEBUG] (FabricLoader/Mixin) meteor-client.mixins.json:SplashOverlayMixin from mod mineciska->@Inject::css$renderSplashBackground(Lnet/minecraft/client/gui/DrawContext;IIF)V doesn't use it's CallbackInfo
[04:22:08] [Render thread/DEBUG] (FabricLoader/Mixin) meteor-client.mixins.json:SplashOverlayMixin from mod mineciska->@Inject::css$renderSplashBackground(Lnet/minecraft/client/gui/DrawContext;IIF)V has 0 override(s) in child classes
[04:22:08] [Render thread/DEBUG] (FabricLoader/Mixin) meteor-client.mixins.json:SplashOverlayMixin from mod mineciska->@Inject::css$renderSplashBackground(Lnet/minecraft/client/gui/DrawContext;IIF)V won't be passed a CallbackInfo as a result
[04:22:08] [Render thread/ERROR] (FabricLoader/Mixin) Mixin apply for mod mineciska failed meteor-client.mixins.json:SplashOverlayMixin from mod mineciska -> net.minecraft.client.gui.screen.SplashOverlay: org.spongepowered.asm.mixin.injection.throwables.InvalidInjectionException Invalid descriptor on meteor-client.mixins.json:SplashOverlayMixin from mod mineciska->@Inject::css$renderSplashBackground(Lnet/minecraft/client/gui/DrawContext;IIF)V! Expected (Lnet/minecraft/client/gui/DrawContext;IIFLorg/spongepowered/asm/mixin/injection/callback/CallbackInfo;)V but found (Lnet/minecraft/client/gui/DrawContext;IIF)V [INJECT_APPLY Applicator Phase -> meteor-client.mixins.json:SplashOverlayMixin from mod mineciska -> Apply Injections ->  -> Inject -> meteor-client.mixins.json:SplashOverlayMixin from mod mineciska->@Inject::css$renderSplashBackground(Lnet/minecraft/client/gui/DrawContext;IIF)V]
org.spongepowered.asm.mixin.injection.throwables.InvalidInjectionException: Invalid descriptor on meteor-client.mixins.json:SplashOverlayMixin from mod mineciska->@Inject::css$renderSplashBackground(Lnet/minecraft/client/gui/DrawContext;IIF)V! Expected (Lnet/minecraft/client/gui/DrawContext;IIFLorg/spongepowered/asm/mixin/injection/callback/CallbackInfo;)V but found (Lnet/minecraft/client/gui/DrawContext;IIF)V [INJECT_APPLY Applicator Phase -> meteor-client.mixins.json:SplashOverlayMixin from mod mineciska -> Apply Injections ->  -> Inject -> meteor-client.mixins.json:SplashOverlayMixin from mod mineciska->@Inject::css$renderSplashBackground(Lnet/minecraft/client/gui/DrawContext;IIF)V]
	at org.spongepowered.asm.mixin.injection.callback.CallbackInjector.inject(CallbackInjector.java:560)
	at org.spongepowered.asm.mixin.injection.callback.CallbackInjector.inject(CallbackInjector.java:490)
	at org.spongepowered.asm.mixin.injection.code.Injector.inject(Injector.java:284)
	at org.spongepowered.asm.mixin.injection.struct.InjectionInfo.inject(InjectionInfo.java:508)
	at org.spongepowered.asm.mixin.transformer.MixinTargetContext.applyInjections(MixinTargetContext.java:1483)
	at org.spongepowered.asm.mixin.transformer.MixinApplicatorStandard.applyInjections(MixinApplicatorStandard.java:752)
	at org.spongepowered.asm.mixin.transformer.MixinApplicatorStandard.applyMixin(MixinApplicatorStandard.java:330)
	at org.spongepowered.asm.mixin.transformer.MixinApplicatorStandard.apply(MixinApplicatorStandard.java:246)
	at org.spongepowered.asm.mixin.transformer.TargetClassContext.apply(TargetClassContext.java:437)
	at org.spongepowered.asm.mixin.transformer.TargetClassContext.applyMixins(TargetClassContext.java:418)
	at org.spongepowered.asm.mixin.transformer.MixinProcessor.applyMixins(MixinProcessor.java:352)
	at org.spongepowered.asm.mixin.transformer.MixinTransformer.transformClass(MixinTransformer.java:237)
	at org.spongepowered.asm.mixin.transformer.MixinTransformer.transformClassBytes(MixinTransformer.java:202)
	at knot//meteordevelopment.meteorclient.asm.Asm$Transformer.transformClassBytes(Asm.java:101)
	at net.fabricmc.loader.impl.launch.knot.KnotClassDelegate.getPostMixinClassByteArray(KnotClassDelegate.java:435)
	at net.fabricmc.loader.impl.launch.knot.KnotClassDelegate.tryLoadClass(KnotClassDelegate.java:336)
	at net.fabricmc.loader.impl.launch.knot.KnotClassDelegate.loadClass(KnotClassDelegate.java:231)
	at net.fabricmc.loader.impl.launch.knot.KnotClassLoader.loadClass(KnotClassLoader.java:119)
	at java.base/java.lang.ClassLoader.loadClass(ClassLoader.java:528)
	at knot//net.minecraft.client.main.Main.main(Main.java:234)
	at net.fabricmc.loader.impl.game.minecraft.MinecraftGameProvider.launch(MinecraftGameProvider.java:514)
	at net.fabricmc.loader.impl.launch.knot.Knot.launch(Knot.java:72)
	at net.fabricmc.loader.impl.launch.knot.KnotClient.main(KnotClient.java:23)
	at net.fabricmc.devlaunchinjector.Main.main(Main.java:86)
[04:22:08] [Render thread/DEBUG] (FabricLoader/Mixin) Mixing SplashOverlayMixin from meteor-client.mixins.json into net.minecraft.client.gui.screen.SplashOverlay
[04:22:08] [Render thread/DEBUG] (FabricLoader/Mixin) meteor-client.mixins.json:SplashOverlayMixin from mod mineciska->@Inject::css$init(Lnet/minecraft/client/MinecraftClient;Lnet/minecraft/resource/ResourceReload;Ljava/util/function/Consumer;ZLorg/spongepowered/asm/mixin/injection/callback/CallbackInfo;)V doesn't use it's CallbackInfo
[04:22:08] [Render thread/DEBUG] (FabricLoader/Mixin) meteor-client.mixins.json:SplashOverlayMixin from mod mineciska->@Inject::css$init(Lnet/minecraft/client/MinecraftClient;Lnet/minecraft/resource/ResourceReload;Ljava/util/function/Consumer;ZLorg/spongepowered/asm/mixin/injection/callback/CallbackInfo;)V has 0 override(s) in child classes
[04:22:08] [Render thread/DEBUG] (FabricLoader/Mixin) meteor-client.mixins.json:SplashOverlayMixin from mod mineciska->@Inject::css$init(Lnet/minecraft/client/MinecraftClient;Lnet/minecraft/resource/ResourceReload;Ljava/util/function/Consumer;ZLorg/spongepowered/asm/mixin/injection/callback/CallbackInfo;)V won't be passed a CallbackInfo as a result
[04:22:08] [Render thread/DEBUG] (FabricLoader/Mixin) meteor-client.mixins.json:SplashOverlayMixin from mod mineciska->@Inject::css$renderSplashBackground(Lnet/minecraft/client/gui/DrawContext;IIF)V doesn't use it's CallbackInfo
[04:22:08] [Render thread/DEBUG] (FabricLoader/Mixin) meteor-client.mixins.json:SplashOverlayMixin from mod mineciska->@Inject::css$renderSplashBackground(Lnet/minecraft/client/gui/DrawContext;IIF)V has 0 override(s) in child classes
[04:22:08] [Render thread/DEBUG] (FabricLoader/Mixin) meteor-client.mixins.json:SplashOverlayMixin from mod mineciska->@Inject::css$renderSplashBackground(Lnet/minecraft/client/gui/DrawContext;IIF)V won't be passed a CallbackInfo as a result
[04:22:08] [Render thread/ERROR] (FabricLoader/Mixin) Mixin apply for mod mineciska failed meteor-client.mixins.json:SplashOverlayMixin from mod mineciska -> net.minecraft.client.gui.screen.SplashOverlay: org.spongepowered.asm.mixin.injection.throwables.InvalidInjectionException Invalid descriptor on meteor-client.mixins.json:SplashOverlayMixin from mod mineciska->@Inject::css$renderSplashBackground(Lnet/minecraft/client/gui/DrawContext;IIF)V! Expected (Lnet/minecraft/client/gui/DrawContext;IIFLorg/spongepowered/asm/mixin/injection/callback/CallbackInfo;)V but found (Lnet/minecraft/client/gui/DrawContext;IIF)V [INJECT_APPLY Applicator Phase -> meteor-client.mixins.json:SplashOverlayMixin from mod mineciska -> Apply Injections ->  -> Inject -> meteor-client.mixins.json:SplashOverlayMixin from mod mineciska->@Inject::css$renderSplashBackground(Lnet/minecraft/client/gui/DrawContext;IIF)V]
org.spongepowered.asm.mixin.injection.throwables.InvalidInjectionException: Invalid descriptor on meteor-client.mixins.json:SplashOverlayMixin from mod mineciska->@Inject::css$renderSplashBackground(Lnet/minecraft/client/gui/DrawContext;IIF)V! Expected (Lnet/minecraft/client/gui/DrawContext;IIFLorg/spongepowered/asm/mixin/injection/callback/CallbackInfo;)V but found (Lnet/minecraft/client/gui/DrawContext;IIF)V [INJECT_APPLY Applicator Phase -> meteor-client.mixins.json:SplashOverlayMixin from mod mineciska -> Apply Injections ->  -> Inject -> meteor-client.mixins.json:SplashOverlayMixin from mod mineciska->@Inject::css$renderSplashBackground(Lnet/minecraft/client/gui/DrawContext;IIF)V]
	at org.spongepowered.asm.mixin.injection.callback.CallbackInjector.inject(CallbackInjector.java:560)
	at org.spongepowered.asm.mixin.injection.callback.CallbackInjector.inject(CallbackInjector.java:490)
	at org.spongepowered.asm.mixin.injection.code.Injector.inject(Injector.java:284)
	at org.spongepowered.asm.mixin.injection.struct.InjectionInfo.inject(InjectionInfo.java:508)
	at org.spongepowered.asm.mixin.transformer.MixinTargetContext.applyInjections(MixinTargetContext.java:1483)
	at org.spongepowered.asm.mixin.transformer.MixinApplicatorStandard.applyInjections(MixinApplicatorStandard.java:752)
	at org.spongepowered.asm.mixin.transformer.MixinApplicatorStandard.applyMixin(MixinApplicatorStandard.java:330)
	at org.spongepowered.asm.mixin.transformer.MixinApplicatorStandard.apply(MixinApplicatorStandard.java:246)
	at org.spongepowered.asm.mixin.transformer.TargetClassContext.apply(TargetClassContext.java:437)
	at org.spongepowered.asm.mixin.transformer.TargetClassContext.applyMixins(TargetClassContext.java:418)
	at org.spongepowered.asm.mixin.transformer.MixinProcessor.applyMixins(MixinProcessor.java:352)
	at org.spongepowered.asm.mixin.transformer.MixinTransformer.transformClass(MixinTransformer.java:237)
	at org.spongepowered.asm.mixin.transformer.MixinTransformer.transformClassBytes(MixinTransformer.java:202)
	at knot//meteordevelopment.meteorclient.asm.Asm$Transformer.transformClassBytes(Asm.java:101)
	at net.fabricmc.loader.impl.launch.knot.KnotClassDelegate.getPostMixinClassByteArray(KnotClassDelegate.java:435)
	at net.fabricmc.loader.impl.launch.knot.KnotClassDelegate.tryLoadClass(KnotClassDelegate.java:336)
	at net.fabricmc.loader.impl.launch.knot.KnotClassDelegate.loadClass(KnotClassDelegate.java:231)
	at net.fabricmc.loader.impl.launch.knot.KnotClassLoader.loadClass(KnotClassLoader.java:119)
	at java.base/java.lang.ClassLoader.loadClass(ClassLoader.java:528)
	at knot//net.minecraft.client.main.Main.main(Main.java:243)
	at net.fabricmc.loader.impl.game.minecraft.MinecraftGameProvider.launch(MinecraftGameProvider.java:514)
	at net.fabricmc.loader.impl.launch.knot.Knot.launch(Knot.java:72)
	at net.fabricmc.loader.impl.launch.knot.KnotClient.main(KnotClient.java:23)
	at net.fabricmc.devlaunchinjector.Main.main(Main.java:86)
[04:22:08] [Render thread/ERROR] (FabricLoader) Minecraft has crashed!
net.fabricmc.loader.impl.FormattedException: java.lang.RuntimeException: Mixin transformation of net.minecraft.client.gui.screen.SplashOverlay failed
	at net.fabricmc.loader.impl.FormattedException.ofLocalized(FormattedException.java:63)
	at net.fabricmc.loader.impl.game.minecraft.MinecraftGameProvider.launch(MinecraftGameProvider.java:516)
	at net.fabricmc.loader.impl.launch.knot.Knot.launch(Knot.java:72)
	at net.fabricmc.loader.impl.launch.knot.KnotClient.main(KnotClient.java:23)
	at net.fabricmc.devlaunchinjector.Main.main(Main.java:86)
Caused by: java.lang.RuntimeException: Mixin transformation of net.minecraft.client.gui.screen.SplashOverlay failed
	at net.fabricmc.loader.impl.launch.knot.KnotClassDelegate.getPostMixinClassByteArray(KnotClassDelegate.java:440)
	at net.fabricmc.loader.impl.launch.knot.KnotClassDelegate.tryLoadClass(KnotClassDelegate.java:336)
	at net.fabricmc.loader.impl.launch.knot.KnotClassDelegate.loadClass(KnotClassDelegate.java:231)
	at net.fabricmc.loader.impl.launch.knot.KnotClassLoader.loadClass(KnotClassLoader.java:119)
	at java.base/java.lang.ClassLoader.loadClass(ClassLoader.java:528)
	at knot//net.minecraft.client.main.Main.main(Main.java:243)
	at net.fabricmc.loader.impl.game.minecraft.MinecraftGameProvider.launch(MinecraftGameProvider.java:514)
	... 3 more
Caused by: org.spongepowered.asm.mixin.transformer.throwables.MixinTransformerError: An unexpected critical error was encountered
	at org.spongepowered.asm.mixin.transformer.MixinProcessor.applyMixins(MixinProcessor.java:381)
	at org.spongepowered.asm.mixin.transformer.MixinTransformer.transformClass(MixinTransformer.java:237)
	at org.spongepowered.asm.mixin.transformer.MixinTransformer.transformClassBytes(MixinTransformer.java:202)
	at knot//meteordevelopment.meteorclient.asm.Asm$Transformer.transformClassBytes(Asm.java:101)
	at net.fabricmc.loader.impl.launch.knot.KnotClassDelegate.getPostMixinClassByteArray(KnotClassDelegate.java:435)
	... 9 more
Caused by: org.spongepowered.asm.mixin.throwables.MixinApplyError: Mixin [meteor-client.mixins.json:SplashOverlayMixin from mod mineciska] from phase [DEFAULT] in config [meteor-client.mixins.json] FAILED during APPLY
	at org.spongepowered.asm.mixin.transformer.MixinProcessor.handleMixinError(MixinProcessor.java:686)
	at org.spongepowered.asm.mixin.transformer.MixinProcessor.handleMixinApplyError(MixinProcessor.java:637)
	at org.spongepowered.asm.mixin.transformer.MixinProcessor.applyMixins(MixinProcessor.java:368)
	... 13 more
Caused by: org.spongepowered.asm.mixin.injection.throwables.InvalidInjectionException: Invalid descriptor on meteor-client.mixins.json:SplashOverlayMixin from mod mineciska->@Inject::css$renderSplashBackground(Lnet/minecraft/client/gui/DrawContext;IIF)V! Expected (Lnet/minecraft/client/gui/DrawContext;IIFLorg/spongepowered/asm/mixin/injection/callback/CallbackInfo;)V but found (Lnet/minecraft/client/gui/DrawContext;IIF)V [INJECT_APPLY Applicator Phase -> meteor-client.mixins.json:SplashOverlayMixin from mod mineciska -> Apply Injections ->  -> Inject -> meteor-client.mixins.json:SplashOverlayMixin from mod mineciska->@Inject::css$renderSplashBackground(Lnet/minecraft/client/gui/DrawContext;IIF)V]
	at org.spongepowered.asm.mixin.injection.callback.CallbackInjector.inject(CallbackInjector.java:560)
	at org.spongepowered.asm.mixin.injection.callback.CallbackInjector.inject(CallbackInjector.java:490)
	at org.spongepowered.asm.mixin.injection.code.Injector.inject(Injector.java:284)
	at org.spongepowered.asm.mixin.injection.struct.InjectionInfo.inject(InjectionInfo.java:508)
	at org.spongepowered.asm.mixin.transformer.MixinTargetContext.applyInjections(MixinTargetContext.java:1483)
	at org.spongepowered.asm.mixin.transformer.MixinApplicatorStandard.applyInjections(MixinApplicatorStandard.java:752)
	at org.spongepowered.asm.mixin.transformer.MixinApplicatorStandard.applyMixin(MixinApplicatorStandard.java:330)
	at org.spongepowered.asm.mixin.transformer.MixinApplicatorStandard.apply(MixinApplicatorStandard.java:246)
	at org.spongepowered.asm.mixin.transformer.TargetClassContext.apply(TargetClassContext.java:437)
	at org.spongepowered.asm.mixin.transformer.TargetClassContext.applyMixins(TargetClassContext.java:418)
	at org.spongepowered.asm.mixin.transformer.MixinProcessor.applyMixins(MixinProcessor.java:352)
	... 13 more
