[04:22:01] [main/INFO] (FabricLoader/GameProvider) Loading Minecraft 1.21.11 with Fabric Loader 0.18.2
[04:22:02] [main/INFO] (FabricLoader) Loading 8 mods:
	- fabric-api-base 1.0.5+4ebb5c083e
	- fabric-resource-loader-v0 3.3.4+4fc5413f3e
	- fabric-resource-loader-v1 1.0.10+78c8b4663e
	- fabricloader 0.18.2
	- java 23
	- mineciska 0.3.4
	- minecraft 1.21.11
	- mixinextras 0.5.0
[04:22:02] [main/INFO] (FabricLoader/Mixin) SpongePowered MIXIN Subsystem Version=0.8.7 Source=file:/C:/Users/Administrator/.gradle/caches/modules-2/files-2.1/net.fabricmc/sponge-mixin/0.16.5+mixin.0.8.7/80fc3a9f592673cea87f4cd702f87991c6c9fe4d/sponge-mixin-0.16.5+mixin.0.8.7.jar Service=Knot/Fabric Env=CLIENT
[04:22:02] [main/INFO] (FabricLoader/Mixin) Loaded Fabric development mappings for mixin remapper!
[04:22:02] [main/INFO] (FabricLoader/Mixin) Compatibility level set to JAVA_21
[04:22:02] [main/INFO] (FabricLoader/MixinExtras|Service) Initializing MixinExtras via com.llamalad7.mixinextras.service.MixinExtrasServiceImpl(version=0.5.0).
[04:22:03] [Datafixer Bootstrap/INFO] (Minecraft) 287 Datafixer optimizations took 537 milliseconds
[04:22:08] [Render thread/ERROR] (FabricLoader/Mixin) Mixin apply for mod mineciska failed meteor-client.mixins.json:SplashOverlayMixin from mod mineciska -> net.minecraft.client.gui.screen.SplashOverlay: org.spongepowered.asm.mixin.injection.throwables.InvalidInjectionException Invalid descriptor on meteor-client.mixins.json:SplashOverlayMixin from mod mineciska->@Inject::css$renderSplashBackground(Lnet/minecraft/client/gui/DrawContext;IIF)V! Expected (Lnet/minecraft/client/gui/DrawContext;IIFLorg/spongepowered/asm/mixin/injection/callback/CallbackInfo;)V but found (Lnet/minecraft/client/gui/DrawContext;IIF)V [INJECT_APPLY Applicator Phase -> meteor-client.mixins.json:SplashOverlayMixin from mod mineciska -> Apply Injections ->  -> Inject -> meteor-client.mixins.json:SplashOverlayMixin from mod mineciska->@Inject::css$renderSplashBackground(Lnet/minecraft/client/gui/DrawContext;IIF)V]
org.spongepowered.asm.mixin.injection.throwables.InvalidInjectionException: Invalid descriptor on meteor-client.mixins.json:SplashOverlayMixin from mod mineciska->@Inject::css$renderSplashBackground(Lnet/minecraft/client/gui/DrawContext;IIF)V! Expected (Lnet/minecraft/client/gui/DrawContext;IIFLorg/spongepowered/asm/mixin/injection/callback/CallbackInfo;)V but found (Lnet/minecraft/client/gui/DrawContext;IIF)V [INJECT_APPLY Applicator Phase -> meteor-client.mixins.json:SplashOverlayMixin from mod mineciska -> Apply Injections ->  -> Inject -> meteor-client.mixins.json:SplashOverlayMixin from mod mineciska->@Inject::css$renderSplashBackground(Lnet/minecraft/client/gui/DrawContext;IIF)V]
	at org.spongepowered.asm.mixin.injection.callback.CallbackInjector.inject(CallbackInjector.java:560)
	at org.spongepowered.asm.mixin.injection.callback.CallbackInjector.inject(CallbackInjector.java:490)
	at org.spongepowered.asm.mixin.injection.code.Injector.inject(Injector.java:284)
	at org.spongepowered.asm.mixin.injection.struct.InjectionInfo.inject(InjectionInfo.java:508)
	at org.spongepowered.asm.mixin.transformer.MixinTargetContext.applyInjections(MixinTargetContext.java:1483)
	at org.spongepowered.asm.mixin.transformer.MixinApplicatorStandard.applyInjections(MixinApplicatorStandard.java:752)
	at org.spongepowered.asm.mixin.transformer.MixinApplicatorStandard.applyMixin(MixinApplicatorStandard.java:330)
	at org.spongepowered.asm.mixin.transformer.MixinApplicatorStandard.apply(MixinApplicatorStandard.java:246)
	at org.spongepowered.asm.mixin.transformer.TargetClassContext.apply(TargetClassContext.java:437)
	at org.spongepowered.asm.mixin.transformer.TargetClassContext.applyMixins(TargetClassContext.java:418)
	at org.spongepowered.asm.mixin.transformer.MixinProcessor.applyMixins(MixinProcessor.java:352)
	at org.spongepowered.asm.mixin.transformer.MixinTransformer.transformClass(MixinTransformer.java:237)
	at org.spongepowered.asm.mixin.transformer.MixinTransformer.transformClassBytes(MixinTransformer.java:202)
	at knot//meteordevelopment.meteorclient.asm.Asm$Transformer.transformClassBytes(Asm.java:101)
	at net.fabricmc.loader.impl.launch.knot.KnotClassDelegate.getPostMixinClassByteArray(KnotClassDelegate.java:435)
	at net.fabricmc.loader.impl.launch.knot.KnotClassDelegate.tryLoadClass(KnotClassDelegate.java:336)
	at net.fabricmc.loader.impl.launch.knot.KnotClassDelegate.loadClass(KnotClassDelegate.java:231)
	at net.fabricmc.loader.impl.launch.knot.KnotClassLoader.loadClass(KnotClassLoader.java:119)
	at java.base/java.lang.ClassLoader.loadClass(ClassLoader.java:528)
	at knot//net.minecraft.client.main.Main.main(Main.java:234)
	at net.fabricmc.loader.impl.game.minecraft.MinecraftGameProvider.launch(MinecraftGameProvider.java:514)
	at net.fabricmc.loader.impl.launch.knot.Knot.launch(Knot.java:72)
	at net.fabricmc.loader.impl.launch.knot.KnotClient.main(KnotClient.java:23)
	at net.fabricmc.devlaunchinjector.Main.main(Main.java:86)
[04:22:08] [Render thread/ERROR] (FabricLoader/Mixin) Mixin apply for mod mineciska failed meteor-client.mixins.json:SplashOverlayMixin from mod mineciska -> net.minecraft.client.gui.screen.SplashOverlay: org.spongepowered.asm.mixin.injection.throwables.InvalidInjectionException Invalid descriptor on meteor-client.mixins.json:SplashOverlayMixin from mod mineciska->@Inject::css$renderSplashBackground(Lnet/minecraft/client/gui/DrawContext;IIF)V! Expected (Lnet/minecraft/client/gui/DrawContext;IIFLorg/spongepowered/asm/mixin/injection/callback/CallbackInfo;)V but found (Lnet/minecraft/client/gui/DrawContext;IIF)V [INJECT_APPLY Applicator Phase -> meteor-client.mixins.json:SplashOverlayMixin from mod mineciska -> Apply Injections ->  -> Inject -> meteor-client.mixins.json:SplashOverlayMixin from mod mineciska->@Inject::css$renderSplashBackground(Lnet/minecraft/client/gui/DrawContext;IIF)V]
org.spongepowered.asm.mixin.injection.throwables.InvalidInjectionException: Invalid descriptor on meteor-client.mixins.json:SplashOverlayMixin from mod mineciska->@Inject::css$renderSplashBackground(Lnet/minecraft/client/gui/DrawContext;IIF)V! Expected (Lnet/minecraft/client/gui/DrawContext;IIFLorg/spongepowered/asm/mixin/injection/callback/CallbackInfo;)V but found (Lnet/minecraft/client/gui/DrawContext;IIF)V [INJECT_APPLY Applicator Phase -> meteor-client.mixins.json:SplashOverlayMixin from mod mineciska -> Apply Injections ->  -> Inject -> meteor-client.mixins.json:SplashOverlayMixin from mod mineciska->@Inject::css$renderSplashBackground(Lnet/minecraft/client/gui/DrawContext;IIF)V]
	at org.spongepowered.asm.mixin.injection.callback.CallbackInjector.inject(CallbackInjector.java:560)
	at org.spongepowered.asm.mixin.injection.callback.CallbackInjector.inject(CallbackInjector.java:490)
	at org.spongepowered.asm.mixin.injection.code.Injector.inject(Injector.java:284)
	at org.spongepowered.asm.mixin.injection.struct.InjectionInfo.inject(InjectionInfo.java:508)
	at org.spongepowered.asm.mixin.transformer.MixinTargetContext.applyInjections(MixinTargetContext.java:1483)
	at org.spongepowered.asm.mixin.transformer.MixinApplicatorStandard.applyInjections(MixinApplicatorStandard.java:752)
	at org.spongepowered.asm.mixin.transformer.MixinApplicatorStandard.applyMixin(MixinApplicatorStandard.java:330)
	at org.spongepowered.asm.mixin.transformer.MixinApplicatorStandard.apply(MixinApplicatorStandard.java:246)
	at org.spongepowered.asm.mixin.transformer.TargetClassContext.apply(TargetClassContext.java:437)
	at org.spongepowered.asm.mixin.transformer.TargetClassContext.applyMixins(TargetClassContext.java:418)
	at org.spongepowered.asm.mixin.transformer.MixinProcessor.applyMixins(MixinProcessor.java:352)
	at org.spongepowered.asm.mixin.transformer.MixinTransformer.transformClass(MixinTransformer.java:237)
	at org.spongepowered.asm.mixin.transformer.MixinTransformer.transformClassBytes(MixinTransformer.java:202)
	at knot//meteordevelopment.meteorclient.asm.Asm$Transformer.transformClassBytes(Asm.java:101)
	at net.fabricmc.loader.impl.launch.knot.KnotClassDelegate.getPostMixinClassByteArray(KnotClassDelegate.java:435)
	at net.fabricmc.loader.impl.launch.knot.KnotClassDelegate.tryLoadClass(KnotClassDelegate.java:336)
	at net.fabricmc.loader.impl.launch.knot.KnotClassDelegate.loadClass(KnotClassDelegate.java:231)
	at net.fabricmc.loader.impl.launch.knot.KnotClassLoader.loadClass(KnotClassLoader.java:119)
	at java.base/java.lang.ClassLoader.loadClass(ClassLoader.java:528)
	at knot//net.minecraft.client.main.Main.main(Main.java:243)
	at net.fabricmc.loader.impl.game.minecraft.MinecraftGameProvider.launch(MinecraftGameProvider.java:514)
	at net.fabricmc.loader.impl.launch.knot.Knot.launch(Knot.java:72)
	at net.fabricmc.loader.impl.launch.knot.KnotClient.main(KnotClient.java:23)
	at net.fabricmc.devlaunchinjector.Main.main(Main.java:86)
[04:22:08] [Render thread/ERROR] (FabricLoader) Minecraft has crashed!
net.fabricmc.loader.impl.FormattedException: java.lang.RuntimeException: Mixin transformation of net.minecraft.client.gui.screen.SplashOverlay failed
	at net.fabricmc.loader.impl.FormattedException.ofLocalized(FormattedException.java:63)
	at net.fabricmc.loader.impl.game.minecraft.MinecraftGameProvider.launch(MinecraftGameProvider.java:516)
	at net.fabricmc.loader.impl.launch.knot.Knot.launch(Knot.java:72)
	at net.fabricmc.loader.impl.launch.knot.KnotClient.main(KnotClient.java:23)
	at net.fabricmc.devlaunchinjector.Main.main(Main.java:86)
Caused by: java.lang.RuntimeException: Mixin transformation of net.minecraft.client.gui.screen.SplashOverlay failed
	at net.fabricmc.loader.impl.launch.knot.KnotClassDelegate.getPostMixinClassByteArray(KnotClassDelegate.java:440)
	at net.fabricmc.loader.impl.launch.knot.KnotClassDelegate.tryLoadClass(KnotClassDelegate.java:336)
	at net.fabricmc.loader.impl.launch.knot.KnotClassDelegate.loadClass(KnotClassDelegate.java:231)
	at net.fabricmc.loader.impl.launch.knot.KnotClassLoader.loadClass(KnotClassLoader.java:119)
	at java.base/java.lang.ClassLoader.loadClass(ClassLoader.java:528)
	at knot//net.minecraft.client.main.Main.main(Main.java:243)
	at net.fabricmc.loader.impl.game.minecraft.MinecraftGameProvider.launch(MinecraftGameProvider.java:514)
	... 3 more
Caused by: org.spongepowered.asm.mixin.transformer.throwables.MixinTransformerError: An unexpected critical error was encountered
	at org.spongepowered.asm.mixin.transformer.MixinProcessor.applyMixins(MixinProcessor.java:381)
	at org.spongepowered.asm.mixin.transformer.MixinTransformer.transformClass(MixinTransformer.java:237)
	at org.spongepowered.asm.mixin.transformer.MixinTransformer.transformClassBytes(MixinTransformer.java:202)
	at knot//meteordevelopment.meteorclient.asm.Asm$Transformer.transformClassBytes(Asm.java:101)
	at net.fabricmc.loader.impl.launch.knot.KnotClassDelegate.getPostMixinClassByteArray(KnotClassDelegate.java:435)
	... 9 more
Caused by: org.spongepowered.asm.mixin.throwables.MixinApplyError: Mixin [meteor-client.mixins.json:SplashOverlayMixin from mod mineciska] from phase [DEFAULT] in config [meteor-client.mixins.json] FAILED during APPLY
	at org.spongepowered.asm.mixin.transformer.MixinProcessor.handleMixinError(MixinProcessor.java:686)
	at org.spongepowered.asm.mixin.transformer.MixinProcessor.handleMixinApplyError(MixinProcessor.java:637)
	at org.spongepowered.asm.mixin.transformer.MixinProcessor.applyMixins(MixinProcessor.java:368)
	... 13 more
Caused by: org.spongepowered.asm.mixin.injection.throwables.InvalidInjectionException: Invalid descriptor on meteor-client.mixins.json:SplashOverlayMixin from mod mineciska->@Inject::css$renderSplashBackground(Lnet/minecraft/client/gui/DrawContext;IIF)V! Expected (Lnet/minecraft/client/gui/DrawContext;IIFLorg/spongepowered/asm/mixin/injection/callback/CallbackInfo;)V but found (Lnet/minecraft/client/gui/DrawContext;IIF)V [INJECT_APPLY Applicator Phase -> meteor-client.mixins.json:SplashOverlayMixin from mod mineciska -> Apply Injections ->  -> Inject -> meteor-client.mixins.json:SplashOverlayMixin from mod mineciska->@Inject::css$renderSplashBackground(Lnet/minecraft/client/gui/DrawContext;IIF)V]
	at org.spongepowered.asm.mixin.injection.callback.CallbackInjector.inject(CallbackInjector.java:560)
	at org.spongepowered.asm.mixin.injection.callback.CallbackInjector.inject(CallbackInjector.java:490)
	at org.spongepowered.asm.mixin.injection.code.Injector.inject(Injector.java:284)
	at org.spongepowered.asm.mixin.injection.struct.InjectionInfo.inject(InjectionInfo.java:508)
	at org.spongepowered.asm.mixin.transformer.MixinTargetContext.applyInjections(MixinTargetContext.java:1483)
	at org.spongepowered.asm.mixin.transformer.MixinApplicatorStandard.applyInjections(MixinApplicatorStandard.java:752)
	at org.spongepowered.asm.mixin.transformer.MixinApplicatorStandard.applyMixin(MixinApplicatorStandard.java:330)
	at org.spongepowered.asm.mixin.transformer.MixinApplicatorStandard.apply(MixinApplicatorStandard.java:246)
	at org.spongepowered.asm.mixin.transformer.TargetClassContext.apply(TargetClassContext.java:437)
	at org.spongepowered.asm.mixin.transformer.TargetClassContext.applyMixins(TargetClassContext.java:418)
	at org.spongepowered.asm.mixin.transformer.MixinProcessor.applyMixins(MixinProcessor.java:352)
	... 13 more
